WARNING 2019-12-30 14:42:10,342 base 150 Not Found: /
WARNING 2019-12-30 14:42:10,343 basehttp 124 "GET / HTTP/1.1" 404 2074
WARNING 2019-12-30 14:42:10,488 base 150 Not Found: /favicon.ico
WARNING 2019-12-30 14:42:10,489 basehttp 124 "GET /favicon.ico HTTP/1.1" 404 2125
WARNING 2019-12-30 14:43:33,734 base 150 Not Found: /
WARNING 2019-12-30 14:43:33,735 basehttp 124 "GET / HTTP/1.1" 404 2074
WARNING 2019-12-30 14:44:51,839 base 150 Not Found: /
WARNING 2019-12-30 14:44:51,841 basehttp 124 "GET / HTTP/1.1" 404 2075
WARNING 2019-12-30 14:45:20,748 base 150 Not Found: /
WARNING 2019-12-30 14:45:20,750 basehttp 124 "GET / HTTP/1.1" 404 2075
INFO 2019-12-30 14:45:27,886 basehttp 124 "GET /register HTTP/1.1" 301 0
ERROR 2019-12-30 14:45:27,892 exception 132 Internal Server Error: /register/
Traceback (most recent call last):
  File "C:\Users\zonwer\Envs\venv_01\lib\site-packages\django\template\utils.py", line 65, in __getitem__
    return self._engines[alias]
KeyError: 'jinja2'

During handling of the above exception, another exception occurred:

Traceback (most recent call last):
  File "C:\Users\zonwer\Envs\venv_01\lib\site-packages\django\core\handlers\exception.py", line 41, in inner
    response = get_response(request)
  File "C:\Users\zonwer\Envs\venv_01\lib\site-packages\django\core\handlers\base.py", line 187, in _get_response
    response = self.process_exception_by_middleware(e, request)
  File "C:\Users\zonwer\Envs\venv_01\lib\site-packages\django\core\handlers\base.py", line 185, in _get_response
    response = wrapped_callback(request, *callback_args, **callback_kwargs)
  File "C:\Users\zonwer\Envs\venv_01\lib\site-packages\django\views\generic\base.py", line 68, in view
    return self.dispatch(request, *args, **kwargs)
  File "C:\Users\zonwer\Envs\venv_01\lib\site-packages\django\views\generic\base.py", line 88, in dispatch
    return handler(request, *args, **kwargs)
  File "D:\CODE\Djangos\Django_zonwer\meiduo_mall\meiduo_mall\apps\users\views.py", line 7, in get
    return  render(request, 'register.html')
  File "C:\Users\zonwer\Envs\venv_01\lib\site-packages\django\shortcuts.py", line 30, in render
    content = loader.render_to_string(template_name, context, request, using=using)
  File "C:\Users\zonwer\Envs\venv_01\lib\site-packages\django\template\loader.py", line 67, in render_to_string
    template = get_template(template_name, using=using)
  File "C:\Users\zonwer\Envs\venv_01\lib\site-packages\django\template\loader.py", line 18, in get_template
    engines = _engine_list(using)
  File "C:\Users\zonwer\Envs\venv_01\lib\site-packages\django\template\loader.py", line 72, in _engine_list
    return engines.all() if using is None else [engines[using]]
  File "C:\Users\zonwer\Envs\venv_01\lib\site-packages\django\template\utils.py", line 89, in all
    return [self[alias] for alias in self]
  File "C:\Users\zonwer\Envs\venv_01\lib\site-packages\django\template\utils.py", line 89, in <listcomp>
    return [self[alias] for alias in self]
  File "C:\Users\zonwer\Envs\venv_01\lib\site-packages\django\template\utils.py", line 79, in __getitem__
    engine_cls = import_string(backend)
  File "C:\Users\zonwer\Envs\venv_01\lib\site-packages\django\utils\module_loading.py", line 20, in import_string
    module = import_module(module_path)
  File "C:\Users\zonwer\Envs\venv_01\lib\importlib\__init__.py", line 127, in import_module
    return _bootstrap._gcd_import(name[level:], package, level)
  File "<frozen importlib._bootstrap>", line 1014, in _gcd_import
  File "<frozen importlib._bootstrap>", line 991, in _find_and_load
  File "<frozen importlib._bootstrap>", line 961, in _find_and_load_unlocked
  File "<frozen importlib._bootstrap>", line 219, in _call_with_frames_removed
  File "<frozen importlib._bootstrap>", line 1014, in _gcd_import
  File "<frozen importlib._bootstrap>", line 991, in _find_and_load
  File "<frozen importlib._bootstrap>", line 961, in _find_and_load_unlocked
  File "<frozen importlib._bootstrap>", line 219, in _call_with_frames_removed
  File "<frozen importlib._bootstrap>", line 1014, in _gcd_import
  File "<frozen importlib._bootstrap>", line 991, in _find_and_load
  File "<frozen importlib._bootstrap>", line 973, in _find_and_load_unlocked
ModuleNotFoundError: No module named 'django.templates'
ERROR 2019-12-30 14:45:30,144 basehttp 124 "GET /register/ HTTP/1.1" 500 119037
WARNING 2019-12-30 14:47:00,169 base 150 Not Found: /
WARNING 2019-12-30 14:47:00,170 basehttp 124 "GET / HTTP/1.1" 404 2075
ERROR 2019-12-30 14:47:07,870 exception 132 Internal Server Error: /register/
Traceback (most recent call last):
  File "C:\Users\zonwer\Envs\venv_01\lib\site-packages\django\template\utils.py", line 65, in __getitem__
    return self._engines[alias]
KeyError: 'jinja2'

During handling of the above exception, another exception occurred:

Traceback (most recent call last):
  File "C:\Users\zonwer\Envs\venv_01\lib\site-packages\django\core\handlers\exception.py", line 41, in inner
    response = get_response(request)
  File "C:\Users\zonwer\Envs\venv_01\lib\site-packages\django\core\handlers\base.py", line 187, in _get_response
    response = self.process_exception_by_middleware(e, request)
  File "C:\Users\zonwer\Envs\venv_01\lib\site-packages\django\core\handlers\base.py", line 185, in _get_response
    response = wrapped_callback(request, *callback_args, **callback_kwargs)
  File "C:\Users\zonwer\Envs\venv_01\lib\site-packages\django\views\generic\base.py", line 68, in view
    return self.dispatch(request, *args, **kwargs)
  File "C:\Users\zonwer\Envs\venv_01\lib\site-packages\django\views\generic\base.py", line 88, in dispatch
    return handler(request, *args, **kwargs)
  File "D:\CODE\Djangos\Django_zonwer\meiduo_mall\meiduo_mall\apps\users\views.py", line 7, in get
    return  render(request, 'register.html')
  File "C:\Users\zonwer\Envs\venv_01\lib\site-packages\django\shortcuts.py", line 30, in render
    content = loader.render_to_string(template_name, context, request, using=using)
  File "C:\Users\zonwer\Envs\venv_01\lib\site-packages\django\template\loader.py", line 67, in render_to_string
    template = get_template(template_name, using=using)
  File "C:\Users\zonwer\Envs\venv_01\lib\site-packages\django\template\loader.py", line 18, in get_template
    engines = _engine_list(using)
  File "C:\Users\zonwer\Envs\venv_01\lib\site-packages\django\template\loader.py", line 72, in _engine_list
    return engines.all() if using is None else [engines[using]]
  File "C:\Users\zonwer\Envs\venv_01\lib\site-packages\django\template\utils.py", line 89, in all
    return [self[alias] for alias in self]
  File "C:\Users\zonwer\Envs\venv_01\lib\site-packages\django\template\utils.py", line 89, in <listcomp>
    return [self[alias] for alias in self]
  File "C:\Users\zonwer\Envs\venv_01\lib\site-packages\django\template\utils.py", line 79, in __getitem__
    engine_cls = import_string(backend)
  File "C:\Users\zonwer\Envs\venv_01\lib\site-packages\django\utils\module_loading.py", line 20, in import_string
    module = import_module(module_path)
  File "C:\Users\zonwer\Envs\venv_01\lib\importlib\__init__.py", line 127, in import_module
    return _bootstrap._gcd_import(name[level:], package, level)
  File "<frozen importlib._bootstrap>", line 1014, in _gcd_import
  File "<frozen importlib._bootstrap>", line 991, in _find_and_load
  File "<frozen importlib._bootstrap>", line 961, in _find_and_load_unlocked
  File "<frozen importlib._bootstrap>", line 219, in _call_with_frames_removed
  File "<frozen importlib._bootstrap>", line 1014, in _gcd_import
  File "<frozen importlib._bootstrap>", line 991, in _find_and_load
  File "<frozen importlib._bootstrap>", line 961, in _find_and_load_unlocked
  File "<frozen importlib._bootstrap>", line 219, in _call_with_frames_removed
  File "<frozen importlib._bootstrap>", line 1014, in _gcd_import
  File "<frozen importlib._bootstrap>", line 991, in _find_and_load
  File "<frozen importlib._bootstrap>", line 973, in _find_and_load_unlocked
ModuleNotFoundError: No module named 'django.templates'
ERROR 2019-12-30 14:47:08,006 basehttp 124 "GET /register/ HTTP/1.1" 500 118820
WARNING 2019-12-30 14:49:37,828 base 150 Not Found: /
WARNING 2019-12-30 14:49:37,829 basehttp 124 "GET / HTTP/1.1" 404 2075
ERROR 2019-12-30 14:49:45,783 exception 132 Internal Server Error: /register/
Traceback (most recent call last):
  File "C:\Users\zonwer\Envs\venv_01\lib\site-packages\django\template\utils.py", line 65, in __getitem__
    return self._engines[alias]
KeyError: 'jinja2'

During handling of the above exception, another exception occurred:

Traceback (most recent call last):
  File "C:\Users\zonwer\Envs\venv_01\lib\site-packages\django\core\handlers\exception.py", line 41, in inner
    response = get_response(request)
  File "C:\Users\zonwer\Envs\venv_01\lib\site-packages\django\core\handlers\base.py", line 187, in _get_response
    response = self.process_exception_by_middleware(e, request)
  File "C:\Users\zonwer\Envs\venv_01\lib\site-packages\django\core\handlers\base.py", line 185, in _get_response
    response = wrapped_callback(request, *callback_args, **callback_kwargs)
  File "C:\Users\zonwer\Envs\venv_01\lib\site-packages\django\views\generic\base.py", line 68, in view
    return self.dispatch(request, *args, **kwargs)
  File "C:\Users\zonwer\Envs\venv_01\lib\site-packages\django\views\generic\base.py", line 88, in dispatch
    return handler(request, *args, **kwargs)
  File "D:\CODE\Djangos\Django_zonwer\meiduo_mall\meiduo_mall\apps\users\views.py", line 7, in get
    return  render(request, 'register.html')
  File "C:\Users\zonwer\Envs\venv_01\lib\site-packages\django\shortcuts.py", line 30, in render
    content = loader.render_to_string(template_name, context, request, using=using)
  File "C:\Users\zonwer\Envs\venv_01\lib\site-packages\django\template\loader.py", line 67, in render_to_string
    template = get_template(template_name, using=using)
  File "C:\Users\zonwer\Envs\venv_01\lib\site-packages\django\template\loader.py", line 18, in get_template
    engines = _engine_list(using)
  File "C:\Users\zonwer\Envs\venv_01\lib\site-packages\django\template\loader.py", line 72, in _engine_list
    return engines.all() if using is None else [engines[using]]
  File "C:\Users\zonwer\Envs\venv_01\lib\site-packages\django\template\utils.py", line 89, in all
    return [self[alias] for alias in self]
  File "C:\Users\zonwer\Envs\venv_01\lib\site-packages\django\template\utils.py", line 89, in <listcomp>
    return [self[alias] for alias in self]
  File "C:\Users\zonwer\Envs\venv_01\lib\site-packages\django\template\utils.py", line 79, in __getitem__
    engine_cls = import_string(backend)
  File "C:\Users\zonwer\Envs\venv_01\lib\site-packages\django\utils\module_loading.py", line 20, in import_string
    module = import_module(module_path)
  File "C:\Users\zonwer\Envs\venv_01\lib\importlib\__init__.py", line 127, in import_module
    return _bootstrap._gcd_import(name[level:], package, level)
  File "<frozen importlib._bootstrap>", line 1014, in _gcd_import
  File "<frozen importlib._bootstrap>", line 991, in _find_and_load
  File "<frozen importlib._bootstrap>", line 961, in _find_and_load_unlocked
  File "<frozen importlib._bootstrap>", line 219, in _call_with_frames_removed
  File "<frozen importlib._bootstrap>", line 1014, in _gcd_import
  File "<frozen importlib._bootstrap>", line 991, in _find_and_load
  File "<frozen importlib._bootstrap>", line 961, in _find_and_load_unlocked
  File "<frozen importlib._bootstrap>", line 219, in _call_with_frames_removed
  File "<frozen importlib._bootstrap>", line 1014, in _gcd_import
  File "<frozen importlib._bootstrap>", line 991, in _find_and_load
  File "<frozen importlib._bootstrap>", line 973, in _find_and_load_unlocked
ModuleNotFoundError: No module named 'django.templates'
ERROR 2019-12-30 14:49:45,930 basehttp 124 "GET /register/ HTTP/1.1" 500 118819
ERROR 2019-12-30 14:52:21,970 exception 132 Internal Server Error: /register/
Traceback (most recent call last):
  File "C:\Users\zonwer\Envs\venv_01\lib\site-packages\django\template\utils.py", line 65, in __getitem__
    return self._engines[alias]
KeyError: 'jinja2'

During handling of the above exception, another exception occurred:

Traceback (most recent call last):
  File "C:\Users\zonwer\Envs\venv_01\lib\site-packages\django\core\handlers\exception.py", line 41, in inner
    response = get_response(request)
  File "C:\Users\zonwer\Envs\venv_01\lib\site-packages\django\core\handlers\base.py", line 187, in _get_response
    response = self.process_exception_by_middleware(e, request)
  File "C:\Users\zonwer\Envs\venv_01\lib\site-packages\django\core\handlers\base.py", line 185, in _get_response
    response = wrapped_callback(request, *callback_args, **callback_kwargs)
  File "C:\Users\zonwer\Envs\venv_01\lib\site-packages\django\views\generic\base.py", line 68, in view
    return self.dispatch(request, *args, **kwargs)
  File "C:\Users\zonwer\Envs\venv_01\lib\site-packages\django\views\generic\base.py", line 88, in dispatch
    return handler(request, *args, **kwargs)
  File "D:\CODE\Djangos\Django_zonwer\meiduo_mall\meiduo_mall\apps\users\views.py", line 7, in get
    return  render(request, 'register.html')
  File "C:\Users\zonwer\Envs\venv_01\lib\site-packages\django\shortcuts.py", line 30, in render
    content = loader.render_to_string(template_name, context, request, using=using)
  File "C:\Users\zonwer\Envs\venv_01\lib\site-packages\django\template\loader.py", line 67, in render_to_string
    template = get_template(template_name, using=using)
  File "C:\Users\zonwer\Envs\venv_01\lib\site-packages\django\template\loader.py", line 18, in get_template
    engines = _engine_list(using)
  File "C:\Users\zonwer\Envs\venv_01\lib\site-packages\django\template\loader.py", line 72, in _engine_list
    return engines.all() if using is None else [engines[using]]
  File "C:\Users\zonwer\Envs\venv_01\lib\site-packages\django\template\utils.py", line 89, in all
    return [self[alias] for alias in self]
  File "C:\Users\zonwer\Envs\venv_01\lib\site-packages\django\template\utils.py", line 89, in <listcomp>
    return [self[alias] for alias in self]
  File "C:\Users\zonwer\Envs\venv_01\lib\site-packages\django\template\utils.py", line 79, in __getitem__
    engine_cls = import_string(backend)
  File "C:\Users\zonwer\Envs\venv_01\lib\site-packages\django\utils\module_loading.py", line 20, in import_string
    module = import_module(module_path)
  File "C:\Users\zonwer\Envs\venv_01\lib\importlib\__init__.py", line 127, in import_module
    return _bootstrap._gcd_import(name[level:], package, level)
  File "<frozen importlib._bootstrap>", line 1014, in _gcd_import
  File "<frozen importlib._bootstrap>", line 991, in _find_and_load
  File "<frozen importlib._bootstrap>", line 961, in _find_and_load_unlocked
  File "<frozen importlib._bootstrap>", line 219, in _call_with_frames_removed
  File "<frozen importlib._bootstrap>", line 1014, in _gcd_import
  File "<frozen importlib._bootstrap>", line 991, in _find_and_load
  File "<frozen importlib._bootstrap>", line 961, in _find_and_load_unlocked
  File "<frozen importlib._bootstrap>", line 219, in _call_with_frames_removed
  File "<frozen importlib._bootstrap>", line 1014, in _gcd_import
  File "<frozen importlib._bootstrap>", line 991, in _find_and_load
  File "<frozen importlib._bootstrap>", line 973, in _find_and_load_unlocked
ModuleNotFoundError: No module named 'django.templates'
ERROR 2019-12-30 14:52:22,016 basehttp 124 "GET /register/ HTTP/1.1" 500 118954
WARNING 2019-12-30 14:57:10,366 base 150 Not Found: /
WARNING 2019-12-30 14:57:10,367 basehttp 124 "GET / HTTP/1.1" 404 2075
ERROR 2019-12-30 14:57:29,807 exception 132 Internal Server Error: /register/
Traceback (most recent call last):
  File "C:\Users\zonwer\Envs\venv_01\lib\site-packages\django\template\utils.py", line 65, in __getitem__
    return self._engines[alias]
KeyError: 'jinja2'

During handling of the above exception, another exception occurred:

Traceback (most recent call last):
  File "C:\Users\zonwer\Envs\venv_01\lib\site-packages\django\core\handlers\exception.py", line 41, in inner
    response = get_response(request)
  File "C:\Users\zonwer\Envs\venv_01\lib\site-packages\django\core\handlers\base.py", line 187, in _get_response
    response = self.process_exception_by_middleware(e, request)
  File "C:\Users\zonwer\Envs\venv_01\lib\site-packages\django\core\handlers\base.py", line 185, in _get_response
    response = wrapped_callback(request, *callback_args, **callback_kwargs)
  File "C:\Users\zonwer\Envs\venv_01\lib\site-packages\django\views\generic\base.py", line 68, in view
    return self.dispatch(request, *args, **kwargs)
  File "C:\Users\zonwer\Envs\venv_01\lib\site-packages\django\views\generic\base.py", line 88, in dispatch
    return handler(request, *args, **kwargs)
  File "D:\CODE\Djangos\Django_zonwer\meiduo_mall\meiduo_mall\apps\users\views.py", line 7, in get
    return  render(request, 'register.html')
  File "C:\Users\zonwer\Envs\venv_01\lib\site-packages\django\shortcuts.py", line 30, in render
    content = loader.render_to_string(template_name, context, request, using=using)
  File "C:\Users\zonwer\Envs\venv_01\lib\site-packages\django\template\loader.py", line 67, in render_to_string
    template = get_template(template_name, using=using)
  File "C:\Users\zonwer\Envs\venv_01\lib\site-packages\django\template\loader.py", line 18, in get_template
    engines = _engine_list(using)
  File "C:\Users\zonwer\Envs\venv_01\lib\site-packages\django\template\loader.py", line 72, in _engine_list
    return engines.all() if using is None else [engines[using]]
  File "C:\Users\zonwer\Envs\venv_01\lib\site-packages\django\template\utils.py", line 89, in all
    return [self[alias] for alias in self]
  File "C:\Users\zonwer\Envs\venv_01\lib\site-packages\django\template\utils.py", line 89, in <listcomp>
    return [self[alias] for alias in self]
  File "C:\Users\zonwer\Envs\venv_01\lib\site-packages\django\template\utils.py", line 79, in __getitem__
    engine_cls = import_string(backend)
  File "C:\Users\zonwer\Envs\venv_01\lib\site-packages\django\utils\module_loading.py", line 20, in import_string
    module = import_module(module_path)
  File "C:\Users\zonwer\Envs\venv_01\lib\importlib\__init__.py", line 127, in import_module
    return _bootstrap._gcd_import(name[level:], package, level)
  File "<frozen importlib._bootstrap>", line 1014, in _gcd_import
  File "<frozen importlib._bootstrap>", line 991, in _find_and_load
  File "<frozen importlib._bootstrap>", line 961, in _find_and_load_unlocked
  File "<frozen importlib._bootstrap>", line 219, in _call_with_frames_removed
  File "<frozen importlib._bootstrap>", line 1014, in _gcd_import
  File "<frozen importlib._bootstrap>", line 991, in _find_and_load
  File "<frozen importlib._bootstrap>", line 961, in _find_and_load_unlocked
  File "<frozen importlib._bootstrap>", line 219, in _call_with_frames_removed
  File "<frozen importlib._bootstrap>", line 1014, in _gcd_import
  File "<frozen importlib._bootstrap>", line 991, in _find_and_load
  File "<frozen importlib._bootstrap>", line 973, in _find_and_load_unlocked
ModuleNotFoundError: No module named 'django.templates'
ERROR 2019-12-30 14:57:29,935 basehttp 124 "GET /register/ HTTP/1.1" 500 118947
WARNING 2019-12-30 15:06:46,615 base 150 Not Found: /
WARNING 2019-12-30 15:06:46,615 basehttp 124 "GET / HTTP/1.1" 404 2075
ERROR 2019-12-30 15:06:54,711 exception 132 Internal Server Error: /register/
Traceback (most recent call last):
  File "C:\Users\zonwer\Envs\venv_01\lib\site-packages\django\template\utils.py", line 65, in __getitem__
    return self._engines[alias]
KeyError: 'jinja2'

During handling of the above exception, another exception occurred:

Traceback (most recent call last):
  File "C:\Users\zonwer\Envs\venv_01\lib\site-packages\django\core\handlers\exception.py", line 41, in inner
    response = get_response(request)
  File "C:\Users\zonwer\Envs\venv_01\lib\site-packages\django\core\handlers\base.py", line 187, in _get_response
    response = self.process_exception_by_middleware(e, request)
  File "C:\Users\zonwer\Envs\venv_01\lib\site-packages\django\core\handlers\base.py", line 185, in _get_response
    response = wrapped_callback(request, *callback_args, **callback_kwargs)
  File "C:\Users\zonwer\Envs\venv_01\lib\site-packages\django\views\generic\base.py", line 68, in view
    return self.dispatch(request, *args, **kwargs)
  File "C:\Users\zonwer\Envs\venv_01\lib\site-packages\django\views\generic\base.py", line 88, in dispatch
    return handler(request, *args, **kwargs)
  File "D:\CODE\Djangos\Django_zonwer\meiduo_mall\meiduo_mall\apps\users\views.py", line 7, in get
    return  render(request, 'register.html')
  File "C:\Users\zonwer\Envs\venv_01\lib\site-packages\django\shortcuts.py", line 30, in render
    content = loader.render_to_string(template_name, context, request, using=using)
  File "C:\Users\zonwer\Envs\venv_01\lib\site-packages\django\template\loader.py", line 67, in render_to_string
    template = get_template(template_name, using=using)
  File "C:\Users\zonwer\Envs\venv_01\lib\site-packages\django\template\loader.py", line 18, in get_template
    engines = _engine_list(using)
  File "C:\Users\zonwer\Envs\venv_01\lib\site-packages\django\template\loader.py", line 72, in _engine_list
    return engines.all() if using is None else [engines[using]]
  File "C:\Users\zonwer\Envs\venv_01\lib\site-packages\django\template\utils.py", line 89, in all
    return [self[alias] for alias in self]
  File "C:\Users\zonwer\Envs\venv_01\lib\site-packages\django\template\utils.py", line 89, in <listcomp>
    return [self[alias] for alias in self]
  File "C:\Users\zonwer\Envs\venv_01\lib\site-packages\django\template\utils.py", line 79, in __getitem__
    engine_cls = import_string(backend)
  File "C:\Users\zonwer\Envs\venv_01\lib\site-packages\django\utils\module_loading.py", line 20, in import_string
    module = import_module(module_path)
  File "C:\Users\zonwer\Envs\venv_01\lib\importlib\__init__.py", line 127, in import_module
    return _bootstrap._gcd_import(name[level:], package, level)
  File "<frozen importlib._bootstrap>", line 1014, in _gcd_import
  File "<frozen importlib._bootstrap>", line 991, in _find_and_load
  File "<frozen importlib._bootstrap>", line 961, in _find_and_load_unlocked
  File "<frozen importlib._bootstrap>", line 219, in _call_with_frames_removed
  File "<frozen importlib._bootstrap>", line 1014, in _gcd_import
  File "<frozen importlib._bootstrap>", line 991, in _find_and_load
  File "<frozen importlib._bootstrap>", line 961, in _find_and_load_unlocked
  File "<frozen importlib._bootstrap>", line 219, in _call_with_frames_removed
  File "<frozen importlib._bootstrap>", line 1014, in _gcd_import
  File "<frozen importlib._bootstrap>", line 991, in _find_and_load
  File "<frozen importlib._bootstrap>", line 973, in _find_and_load_unlocked
ModuleNotFoundError: No module named 'django.templates'
ERROR 2019-12-30 15:06:56,802 basehttp 124 "GET /register/ HTTP/1.1" 500 118947
ERROR 2019-12-30 15:08:52,915 exception 132 Internal Server Error: /register/
Traceback (most recent call last):
  File "C:\Users\zonwer\Envs\venv_01\lib\site-packages\django\template\utils.py", line 65, in __getitem__
    return self._engines[alias]
KeyError: 'jinja2'

During handling of the above exception, another exception occurred:

Traceback (most recent call last):
  File "C:\Users\zonwer\Envs\venv_01\lib\site-packages\django\core\handlers\exception.py", line 41, in inner
    response = get_response(request)
  File "C:\Users\zonwer\Envs\venv_01\lib\site-packages\django\core\handlers\base.py", line 187, in _get_response
    response = self.process_exception_by_middleware(e, request)
  File "C:\Users\zonwer\Envs\venv_01\lib\site-packages\django\core\handlers\base.py", line 185, in _get_response
    response = wrapped_callback(request, *callback_args, **callback_kwargs)
  File "C:\Users\zonwer\Envs\venv_01\lib\site-packages\django\views\generic\base.py", line 68, in view
    return self.dispatch(request, *args, **kwargs)
  File "C:\Users\zonwer\Envs\venv_01\lib\site-packages\django\views\generic\base.py", line 88, in dispatch
    return handler(request, *args, **kwargs)
  File "D:\CODE\Djangos\Django_zonwer\meiduo_mall\meiduo_mall\apps\users\views.py", line 7, in get
    return render(request, 'register.html')
  File "C:\Users\zonwer\Envs\venv_01\lib\site-packages\django\shortcuts.py", line 30, in render
    content = loader.render_to_string(template_name, context, request, using=using)
  File "C:\Users\zonwer\Envs\venv_01\lib\site-packages\django\template\loader.py", line 67, in render_to_string
    template = get_template(template_name, using=using)
  File "C:\Users\zonwer\Envs\venv_01\lib\site-packages\django\template\loader.py", line 18, in get_template
    engines = _engine_list(using)
  File "C:\Users\zonwer\Envs\venv_01\lib\site-packages\django\template\loader.py", line 72, in _engine_list
    return engines.all() if using is None else [engines[using]]
  File "C:\Users\zonwer\Envs\venv_01\lib\site-packages\django\template\utils.py", line 89, in all
    return [self[alias] for alias in self]
  File "C:\Users\zonwer\Envs\venv_01\lib\site-packages\django\template\utils.py", line 89, in <listcomp>
    return [self[alias] for alias in self]
  File "C:\Users\zonwer\Envs\venv_01\lib\site-packages\django\template\utils.py", line 79, in __getitem__
    engine_cls = import_string(backend)
  File "C:\Users\zonwer\Envs\venv_01\lib\site-packages\django\utils\module_loading.py", line 20, in import_string
    module = import_module(module_path)
  File "C:\Users\zonwer\Envs\venv_01\lib\importlib\__init__.py", line 127, in import_module
    return _bootstrap._gcd_import(name[level:], package, level)
  File "<frozen importlib._bootstrap>", line 1014, in _gcd_import
  File "<frozen importlib._bootstrap>", line 991, in _find_and_load
  File "<frozen importlib._bootstrap>", line 961, in _find_and_load_unlocked
  File "<frozen importlib._bootstrap>", line 219, in _call_with_frames_removed
  File "<frozen importlib._bootstrap>", line 1014, in _gcd_import
  File "<frozen importlib._bootstrap>", line 991, in _find_and_load
  File "<frozen importlib._bootstrap>", line 961, in _find_and_load_unlocked
  File "<frozen importlib._bootstrap>", line 219, in _call_with_frames_removed
  File "<frozen importlib._bootstrap>", line 1014, in _gcd_import
  File "<frozen importlib._bootstrap>", line 991, in _find_and_load
  File "<frozen importlib._bootstrap>", line 973, in _find_and_load_unlocked
ModuleNotFoundError: No module named 'django.templates'
ERROR 2019-12-30 15:08:53,040 basehttp 124 "GET /register/ HTTP/1.1" 500 118928
ERROR 2019-12-30 15:08:57,235 exception 132 Internal Server Error: /register/
Traceback (most recent call last):
  File "C:\Users\zonwer\Envs\venv_01\lib\site-packages\django\template\utils.py", line 65, in __getitem__
    return self._engines[alias]
KeyError: 'jinja2'

During handling of the above exception, another exception occurred:

Traceback (most recent call last):
  File "C:\Users\zonwer\Envs\venv_01\lib\site-packages\django\core\handlers\exception.py", line 41, in inner
    response = get_response(request)
  File "C:\Users\zonwer\Envs\venv_01\lib\site-packages\django\core\handlers\base.py", line 187, in _get_response
    response = self.process_exception_by_middleware(e, request)
  File "C:\Users\zonwer\Envs\venv_01\lib\site-packages\django\core\handlers\base.py", line 185, in _get_response
    response = wrapped_callback(request, *callback_args, **callback_kwargs)
  File "C:\Users\zonwer\Envs\venv_01\lib\site-packages\django\views\generic\base.py", line 68, in view
    return self.dispatch(request, *args, **kwargs)
  File "C:\Users\zonwer\Envs\venv_01\lib\site-packages\django\views\generic\base.py", line 88, in dispatch
    return handler(request, *args, **kwargs)
  File "D:\CODE\Djangos\Django_zonwer\meiduo_mall\meiduo_mall\apps\users\views.py", line 7, in get
    return render(request, 'register.html')
  File "C:\Users\zonwer\Envs\venv_01\lib\site-packages\django\shortcuts.py", line 30, in render
    content = loader.render_to_string(template_name, context, request, using=using)
  File "C:\Users\zonwer\Envs\venv_01\lib\site-packages\django\template\loader.py", line 67, in render_to_string
    template = get_template(template_name, using=using)
  File "C:\Users\zonwer\Envs\venv_01\lib\site-packages\django\template\loader.py", line 18, in get_template
    engines = _engine_list(using)
  File "C:\Users\zonwer\Envs\venv_01\lib\site-packages\django\template\loader.py", line 72, in _engine_list
    return engines.all() if using is None else [engines[using]]
  File "C:\Users\zonwer\Envs\venv_01\lib\site-packages\django\template\utils.py", line 89, in all
    return [self[alias] for alias in self]
  File "C:\Users\zonwer\Envs\venv_01\lib\site-packages\django\template\utils.py", line 89, in <listcomp>
    return [self[alias] for alias in self]
  File "C:\Users\zonwer\Envs\venv_01\lib\site-packages\django\template\utils.py", line 79, in __getitem__
    engine_cls = import_string(backend)
  File "C:\Users\zonwer\Envs\venv_01\lib\site-packages\django\utils\module_loading.py", line 20, in import_string
    module = import_module(module_path)
  File "C:\Users\zonwer\Envs\venv_01\lib\importlib\__init__.py", line 127, in import_module
    return _bootstrap._gcd_import(name[level:], package, level)
  File "<frozen importlib._bootstrap>", line 1014, in _gcd_import
  File "<frozen importlib._bootstrap>", line 991, in _find_and_load
  File "<frozen importlib._bootstrap>", line 961, in _find_and_load_unlocked
  File "<frozen importlib._bootstrap>", line 219, in _call_with_frames_removed
  File "<frozen importlib._bootstrap>", line 1014, in _gcd_import
  File "<frozen importlib._bootstrap>", line 991, in _find_and_load
  File "<frozen importlib._bootstrap>", line 961, in _find_and_load_unlocked
  File "<frozen importlib._bootstrap>", line 219, in _call_with_frames_removed
  File "<frozen importlib._bootstrap>", line 1014, in _gcd_import
  File "<frozen importlib._bootstrap>", line 991, in _find_and_load
  File "<frozen importlib._bootstrap>", line 973, in _find_and_load_unlocked
ModuleNotFoundError: No module named 'django.templates'
ERROR 2019-12-30 15:08:57,279 basehttp 124 "GET /register/ HTTP/1.1" 500 118928
ERROR 2019-12-30 15:09:58,774 exception 132 Internal Server Error: /register/
Traceback (most recent call last):
  File "C:\Users\zonwer\Envs\venv_01\lib\site-packages\django\template\utils.py", line 65, in __getitem__
    return self._engines[alias]
KeyError: 'jinja2'

During handling of the above exception, another exception occurred:

Traceback (most recent call last):
  File "C:\Users\zonwer\Envs\venv_01\lib\site-packages\django\core\handlers\exception.py", line 41, in inner
    response = get_response(request)
  File "C:\Users\zonwer\Envs\venv_01\lib\site-packages\django\core\handlers\base.py", line 187, in _get_response
    response = self.process_exception_by_middleware(e, request)
  File "C:\Users\zonwer\Envs\venv_01\lib\site-packages\django\core\handlers\base.py", line 185, in _get_response
    response = wrapped_callback(request, *callback_args, **callback_kwargs)
  File "C:\Users\zonwer\Envs\venv_01\lib\site-packages\django\views\generic\base.py", line 68, in view
    return self.dispatch(request, *args, **kwargs)
  File "C:\Users\zonwer\Envs\venv_01\lib\site-packages\django\views\generic\base.py", line 88, in dispatch
    return handler(request, *args, **kwargs)
  File "D:\CODE\Djangos\Django_zonwer\meiduo_mall\meiduo_mall\apps\users\views.py", line 7, in get
    return render(request, 'register.html')
  File "C:\Users\zonwer\Envs\venv_01\lib\site-packages\django\shortcuts.py", line 30, in render
    content = loader.render_to_string(template_name, context, request, using=using)
  File "C:\Users\zonwer\Envs\venv_01\lib\site-packages\django\template\loader.py", line 67, in render_to_string
    template = get_template(template_name, using=using)
  File "C:\Users\zonwer\Envs\venv_01\lib\site-packages\django\template\loader.py", line 18, in get_template
    engines = _engine_list(using)
  File "C:\Users\zonwer\Envs\venv_01\lib\site-packages\django\template\loader.py", line 72, in _engine_list
    return engines.all() if using is None else [engines[using]]
  File "C:\Users\zonwer\Envs\venv_01\lib\site-packages\django\template\utils.py", line 89, in all
    return [self[alias] for alias in self]
  File "C:\Users\zonwer\Envs\venv_01\lib\site-packages\django\template\utils.py", line 89, in <listcomp>
    return [self[alias] for alias in self]
  File "C:\Users\zonwer\Envs\venv_01\lib\site-packages\django\template\utils.py", line 79, in __getitem__
    engine_cls = import_string(backend)
  File "C:\Users\zonwer\Envs\venv_01\lib\site-packages\django\utils\module_loading.py", line 20, in import_string
    module = import_module(module_path)
  File "C:\Users\zonwer\Envs\venv_01\lib\importlib\__init__.py", line 127, in import_module
    return _bootstrap._gcd_import(name[level:], package, level)
  File "<frozen importlib._bootstrap>", line 1014, in _gcd_import
  File "<frozen importlib._bootstrap>", line 991, in _find_and_load
  File "<frozen importlib._bootstrap>", line 961, in _find_and_load_unlocked
  File "<frozen importlib._bootstrap>", line 219, in _call_with_frames_removed
  File "<frozen importlib._bootstrap>", line 1014, in _gcd_import
  File "<frozen importlib._bootstrap>", line 991, in _find_and_load
  File "<frozen importlib._bootstrap>", line 961, in _find_and_load_unlocked
  File "<frozen importlib._bootstrap>", line 219, in _call_with_frames_removed
  File "<frozen importlib._bootstrap>", line 1014, in _gcd_import
  File "<frozen importlib._bootstrap>", line 991, in _find_and_load
  File "<frozen importlib._bootstrap>", line 973, in _find_and_load_unlocked
ModuleNotFoundError: No module named 'django.templates'
ERROR 2019-12-30 15:09:58,814 basehttp 124 "GET /register/ HTTP/1.1" 500 118928
ERROR 2019-12-30 15:10:14,441 exception 132 Internal Server Error: /register/
Traceback (most recent call last):
  File "C:\Users\zonwer\Envs\venv_01\lib\site-packages\django\template\utils.py", line 65, in __getitem__
    return self._engines[alias]
KeyError: 'jinja2'

During handling of the above exception, another exception occurred:

Traceback (most recent call last):
  File "C:\Users\zonwer\Envs\venv_01\lib\site-packages\django\core\handlers\exception.py", line 41, in inner
    response = get_response(request)
  File "C:\Users\zonwer\Envs\venv_01\lib\site-packages\django\core\handlers\base.py", line 187, in _get_response
    response = self.process_exception_by_middleware(e, request)
  File "C:\Users\zonwer\Envs\venv_01\lib\site-packages\django\core\handlers\base.py", line 185, in _get_response
    response = wrapped_callback(request, *callback_args, **callback_kwargs)
  File "C:\Users\zonwer\Envs\venv_01\lib\site-packages\django\views\generic\base.py", line 68, in view
    return self.dispatch(request, *args, **kwargs)
  File "C:\Users\zonwer\Envs\venv_01\lib\site-packages\django\views\generic\base.py", line 88, in dispatch
    return handler(request, *args, **kwargs)
  File "D:\CODE\Djangos\Django_zonwer\meiduo_mall\meiduo_mall\apps\users\views.py", line 7, in get
    return render(request, 'register.html')
  File "C:\Users\zonwer\Envs\venv_01\lib\site-packages\django\shortcuts.py", line 30, in render
    content = loader.render_to_string(template_name, context, request, using=using)
  File "C:\Users\zonwer\Envs\venv_01\lib\site-packages\django\template\loader.py", line 67, in render_to_string
    template = get_template(template_name, using=using)
  File "C:\Users\zonwer\Envs\venv_01\lib\site-packages\django\template\loader.py", line 18, in get_template
    engines = _engine_list(using)
  File "C:\Users\zonwer\Envs\venv_01\lib\site-packages\django\template\loader.py", line 72, in _engine_list
    return engines.all() if using is None else [engines[using]]
  File "C:\Users\zonwer\Envs\venv_01\lib\site-packages\django\template\utils.py", line 89, in all
    return [self[alias] for alias in self]
  File "C:\Users\zonwer\Envs\venv_01\lib\site-packages\django\template\utils.py", line 89, in <listcomp>
    return [self[alias] for alias in self]
  File "C:\Users\zonwer\Envs\venv_01\lib\site-packages\django\template\utils.py", line 79, in __getitem__
    engine_cls = import_string(backend)
  File "C:\Users\zonwer\Envs\venv_01\lib\site-packages\django\utils\module_loading.py", line 20, in import_string
    module = import_module(module_path)
  File "C:\Users\zonwer\Envs\venv_01\lib\importlib\__init__.py", line 127, in import_module
    return _bootstrap._gcd_import(name[level:], package, level)
  File "<frozen importlib._bootstrap>", line 1014, in _gcd_import
  File "<frozen importlib._bootstrap>", line 991, in _find_and_load
  File "<frozen importlib._bootstrap>", line 961, in _find_and_load_unlocked
  File "<frozen importlib._bootstrap>", line 219, in _call_with_frames_removed
  File "<frozen importlib._bootstrap>", line 1014, in _gcd_import
  File "<frozen importlib._bootstrap>", line 991, in _find_and_load
  File "<frozen importlib._bootstrap>", line 961, in _find_and_load_unlocked
  File "<frozen importlib._bootstrap>", line 219, in _call_with_frames_removed
  File "<frozen importlib._bootstrap>", line 1014, in _gcd_import
  File "<frozen importlib._bootstrap>", line 991, in _find_and_load
  File "<frozen importlib._bootstrap>", line 973, in _find_and_load_unlocked
ModuleNotFoundError: No module named 'django.templates'
ERROR 2019-12-30 15:10:14,483 basehttp 124 "GET /register/ HTTP/1.1" 500 118928
ERROR 2019-12-30 15:18:38,535 exception 132 Internal Server Error: /register/
Traceback (most recent call last):
  File "C:\Users\zonwer\Envs\venv_01\lib\site-packages\django\template\utils.py", line 65, in __getitem__
    return self._engines[alias]
KeyError: 'jinja2'

During handling of the above exception, another exception occurred:

Traceback (most recent call last):
  File "C:\Users\zonwer\Envs\venv_01\lib\site-packages\django\core\handlers\exception.py", line 41, in inner
    response = get_response(request)
  File "C:\Users\zonwer\Envs\venv_01\lib\site-packages\django\core\handlers\base.py", line 187, in _get_response
    response = self.process_exception_by_middleware(e, request)
  File "C:\Users\zonwer\Envs\venv_01\lib\site-packages\django\core\handlers\base.py", line 185, in _get_response
    response = wrapped_callback(request, *callback_args, **callback_kwargs)
  File "C:\Users\zonwer\Envs\venv_01\lib\site-packages\django\views\generic\base.py", line 68, in view
    return self.dispatch(request, *args, **kwargs)
  File "C:\Users\zonwer\Envs\venv_01\lib\site-packages\django\views\generic\base.py", line 88, in dispatch
    return handler(request, *args, **kwargs)
  File "D:\CODE\Djangos\Django_zonwer\meiduo_mall\meiduo_mall\apps\users\views.py", line 7, in get
    return render(request, 'register.html')
  File "C:\Users\zonwer\Envs\venv_01\lib\site-packages\django\shortcuts.py", line 30, in render
    content = loader.render_to_string(template_name, context, request, using=using)
  File "C:\Users\zonwer\Envs\venv_01\lib\site-packages\django\template\loader.py", line 67, in render_to_string
    template = get_template(template_name, using=using)
  File "C:\Users\zonwer\Envs\venv_01\lib\site-packages\django\template\loader.py", line 18, in get_template
    engines = _engine_list(using)
  File "C:\Users\zonwer\Envs\venv_01\lib\site-packages\django\template\loader.py", line 72, in _engine_list
    return engines.all() if using is None else [engines[using]]
  File "C:\Users\zonwer\Envs\venv_01\lib\site-packages\django\template\utils.py", line 89, in all
    return [self[alias] for alias in self]
  File "C:\Users\zonwer\Envs\venv_01\lib\site-packages\django\template\utils.py", line 89, in <listcomp>
    return [self[alias] for alias in self]
  File "C:\Users\zonwer\Envs\venv_01\lib\site-packages\django\template\utils.py", line 79, in __getitem__
    engine_cls = import_string(backend)
  File "C:\Users\zonwer\Envs\venv_01\lib\site-packages\django\utils\module_loading.py", line 20, in import_string
    module = import_module(module_path)
  File "C:\Users\zonwer\Envs\venv_01\lib\importlib\__init__.py", line 127, in import_module
    return _bootstrap._gcd_import(name[level:], package, level)
  File "<frozen importlib._bootstrap>", line 1014, in _gcd_import
  File "<frozen importlib._bootstrap>", line 991, in _find_and_load
  File "<frozen importlib._bootstrap>", line 961, in _find_and_load_unlocked
  File "<frozen importlib._bootstrap>", line 219, in _call_with_frames_removed
  File "<frozen importlib._bootstrap>", line 1014, in _gcd_import
  File "<frozen importlib._bootstrap>", line 991, in _find_and_load
  File "<frozen importlib._bootstrap>", line 961, in _find_and_load_unlocked
  File "<frozen importlib._bootstrap>", line 219, in _call_with_frames_removed
  File "<frozen importlib._bootstrap>", line 1014, in _gcd_import
  File "<frozen importlib._bootstrap>", line 991, in _find_and_load
  File "<frozen importlib._bootstrap>", line 973, in _find_and_load_unlocked
ModuleNotFoundError: No module named 'django.templates'
ERROR 2019-12-30 15:18:38,662 basehttp 124 "GET /register/ HTTP/1.1" 500 118928
WARNING 2019-12-30 15:20:18,046 base 150 Not Found: /
WARNING 2019-12-30 15:20:18,047 basehttp 124 "GET / HTTP/1.1" 404 2075
ERROR 2019-12-30 15:20:32,708 exception 132 Internal Server Error: /register/
Traceback (most recent call last):
  File "C:\Users\zonwer\Envs\venv_01\lib\site-packages\django\template\utils.py", line 65, in __getitem__
    return self._engines[alias]
KeyError: 'jinja2'

During handling of the above exception, another exception occurred:

Traceback (most recent call last):
  File "C:\Users\zonwer\Envs\venv_01\lib\site-packages\django\core\handlers\exception.py", line 41, in inner
    response = get_response(request)
  File "C:\Users\zonwer\Envs\venv_01\lib\site-packages\django\core\handlers\base.py", line 187, in _get_response
    response = self.process_exception_by_middleware(e, request)
  File "C:\Users\zonwer\Envs\venv_01\lib\site-packages\django\core\handlers\base.py", line 185, in _get_response
    response = wrapped_callback(request, *callback_args, **callback_kwargs)
  File "C:\Users\zonwer\Envs\venv_01\lib\site-packages\django\views\generic\base.py", line 68, in view
    return self.dispatch(request, *args, **kwargs)
  File "C:\Users\zonwer\Envs\venv_01\lib\site-packages\django\views\generic\base.py", line 88, in dispatch
    return handler(request, *args, **kwargs)
  File "D:\CODE\Djangos\Django_zonwer\meiduo_mall\meiduo_mall\apps\users\views.py", line 7, in get
    return render(request, 'register.html')
  File "C:\Users\zonwer\Envs\venv_01\lib\site-packages\django\shortcuts.py", line 30, in render
    content = loader.render_to_string(template_name, context, request, using=using)
  File "C:\Users\zonwer\Envs\venv_01\lib\site-packages\django\template\loader.py", line 67, in render_to_string
    template = get_template(template_name, using=using)
  File "C:\Users\zonwer\Envs\venv_01\lib\site-packages\django\template\loader.py", line 18, in get_template
    engines = _engine_list(using)
  File "C:\Users\zonwer\Envs\venv_01\lib\site-packages\django\template\loader.py", line 72, in _engine_list
    return engines.all() if using is None else [engines[using]]
  File "C:\Users\zonwer\Envs\venv_01\lib\site-packages\django\template\utils.py", line 89, in all
    return [self[alias] for alias in self]
  File "C:\Users\zonwer\Envs\venv_01\lib\site-packages\django\template\utils.py", line 89, in <listcomp>
    return [self[alias] for alias in self]
  File "C:\Users\zonwer\Envs\venv_01\lib\site-packages\django\template\utils.py", line 79, in __getitem__
    engine_cls = import_string(backend)
  File "C:\Users\zonwer\Envs\venv_01\lib\site-packages\django\utils\module_loading.py", line 20, in import_string
    module = import_module(module_path)
  File "C:\Users\zonwer\Envs\venv_01\lib\importlib\__init__.py", line 127, in import_module
    return _bootstrap._gcd_import(name[level:], package, level)
  File "<frozen importlib._bootstrap>", line 1014, in _gcd_import
  File "<frozen importlib._bootstrap>", line 991, in _find_and_load
  File "<frozen importlib._bootstrap>", line 961, in _find_and_load_unlocked
  File "<frozen importlib._bootstrap>", line 219, in _call_with_frames_removed
  File "<frozen importlib._bootstrap>", line 1014, in _gcd_import
  File "<frozen importlib._bootstrap>", line 991, in _find_and_load
  File "<frozen importlib._bootstrap>", line 961, in _find_and_load_unlocked
  File "<frozen importlib._bootstrap>", line 219, in _call_with_frames_removed
  File "<frozen importlib._bootstrap>", line 1014, in _gcd_import
  File "<frozen importlib._bootstrap>", line 991, in _find_and_load
  File "<frozen importlib._bootstrap>", line 973, in _find_and_load_unlocked
ModuleNotFoundError: No module named 'django.templates'
ERROR 2019-12-30 15:20:32,827 basehttp 124 "GET /register/ HTTP/1.1" 500 118922
ERROR 2019-12-30 15:23:56,223 exception 132 Internal Server Error: /register/
Traceback (most recent call last):
  File "C:\Users\zonwer\Envs\venv_01\lib\site-packages\django\template\utils.py", line 65, in __getitem__
    return self._engines[alias]
KeyError: 'jinja2'

During handling of the above exception, another exception occurred:

Traceback (most recent call last):
  File "C:\Users\zonwer\Envs\venv_01\lib\site-packages\django\core\handlers\exception.py", line 41, in inner
    response = get_response(request)
  File "C:\Users\zonwer\Envs\venv_01\lib\site-packages\django\core\handlers\base.py", line 187, in _get_response
    response = self.process_exception_by_middleware(e, request)
  File "C:\Users\zonwer\Envs\venv_01\lib\site-packages\django\core\handlers\base.py", line 185, in _get_response
    response = wrapped_callback(request, *callback_args, **callback_kwargs)
  File "C:\Users\zonwer\Envs\venv_01\lib\site-packages\django\views\generic\base.py", line 68, in view
    return self.dispatch(request, *args, **kwargs)
  File "C:\Users\zonwer\Envs\venv_01\lib\site-packages\django\views\generic\base.py", line 88, in dispatch
    return handler(request, *args, **kwargs)
  File "D:\CODE\Djangos\Django_zonwer\meiduo_mall\meiduo_mall\apps\users\views.py", line 7, in get
    return render(request, 'register.html')
  File "C:\Users\zonwer\Envs\venv_01\lib\site-packages\django\shortcuts.py", line 30, in render
    content = loader.render_to_string(template_name, context, request, using=using)
  File "C:\Users\zonwer\Envs\venv_01\lib\site-packages\django\template\loader.py", line 67, in render_to_string
    template = get_template(template_name, using=using)
  File "C:\Users\zonwer\Envs\venv_01\lib\site-packages\django\template\loader.py", line 18, in get_template
    engines = _engine_list(using)
  File "C:\Users\zonwer\Envs\venv_01\lib\site-packages\django\template\loader.py", line 72, in _engine_list
    return engines.all() if using is None else [engines[using]]
  File "C:\Users\zonwer\Envs\venv_01\lib\site-packages\django\template\utils.py", line 89, in all
    return [self[alias] for alias in self]
  File "C:\Users\zonwer\Envs\venv_01\lib\site-packages\django\template\utils.py", line 89, in <listcomp>
    return [self[alias] for alias in self]
  File "C:\Users\zonwer\Envs\venv_01\lib\site-packages\django\template\utils.py", line 79, in __getitem__
    engine_cls = import_string(backend)
  File "C:\Users\zonwer\Envs\venv_01\lib\site-packages\django\utils\module_loading.py", line 20, in import_string
    module = import_module(module_path)
  File "C:\Users\zonwer\Envs\venv_01\lib\importlib\__init__.py", line 127, in import_module
    return _bootstrap._gcd_import(name[level:], package, level)
  File "<frozen importlib._bootstrap>", line 1014, in _gcd_import
  File "<frozen importlib._bootstrap>", line 991, in _find_and_load
  File "<frozen importlib._bootstrap>", line 961, in _find_and_load_unlocked
  File "<frozen importlib._bootstrap>", line 219, in _call_with_frames_removed
  File "<frozen importlib._bootstrap>", line 1014, in _gcd_import
  File "<frozen importlib._bootstrap>", line 991, in _find_and_load
  File "<frozen importlib._bootstrap>", line 961, in _find_and_load_unlocked
  File "<frozen importlib._bootstrap>", line 219, in _call_with_frames_removed
  File "<frozen importlib._bootstrap>", line 1014, in _gcd_import
  File "<frozen importlib._bootstrap>", line 991, in _find_and_load
  File "<frozen importlib._bootstrap>", line 973, in _find_and_load_unlocked
ModuleNotFoundError: No module named 'django.templates'
ERROR 2019-12-30 15:23:56,351 basehttp 124 "GET /register/ HTTP/1.1" 500 119048
ERROR 2019-12-30 15:23:58,985 exception 132 Internal Server Error: /register/
Traceback (most recent call last):
  File "C:\Users\zonwer\Envs\venv_01\lib\site-packages\django\template\utils.py", line 65, in __getitem__
    return self._engines[alias]
KeyError: 'jinja2'

During handling of the above exception, another exception occurred:

Traceback (most recent call last):
  File "C:\Users\zonwer\Envs\venv_01\lib\site-packages\django\core\handlers\exception.py", line 41, in inner
    response = get_response(request)
  File "C:\Users\zonwer\Envs\venv_01\lib\site-packages\django\core\handlers\base.py", line 187, in _get_response
    response = self.process_exception_by_middleware(e, request)
  File "C:\Users\zonwer\Envs\venv_01\lib\site-packages\django\core\handlers\base.py", line 185, in _get_response
    response = wrapped_callback(request, *callback_args, **callback_kwargs)
  File "C:\Users\zonwer\Envs\venv_01\lib\site-packages\django\views\generic\base.py", line 68, in view
    return self.dispatch(request, *args, **kwargs)
  File "C:\Users\zonwer\Envs\venv_01\lib\site-packages\django\views\generic\base.py", line 88, in dispatch
    return handler(request, *args, **kwargs)
  File "D:\CODE\Djangos\Django_zonwer\meiduo_mall\meiduo_mall\apps\users\views.py", line 7, in get
    return render(request, 'register.html')
  File "C:\Users\zonwer\Envs\venv_01\lib\site-packages\django\shortcuts.py", line 30, in render
    content = loader.render_to_string(template_name, context, request, using=using)
  File "C:\Users\zonwer\Envs\venv_01\lib\site-packages\django\template\loader.py", line 67, in render_to_string
    template = get_template(template_name, using=using)
  File "C:\Users\zonwer\Envs\venv_01\lib\site-packages\django\template\loader.py", line 18, in get_template
    engines = _engine_list(using)
  File "C:\Users\zonwer\Envs\venv_01\lib\site-packages\django\template\loader.py", line 72, in _engine_list
    return engines.all() if using is None else [engines[using]]
  File "C:\Users\zonwer\Envs\venv_01\lib\site-packages\django\template\utils.py", line 89, in all
    return [self[alias] for alias in self]
  File "C:\Users\zonwer\Envs\venv_01\lib\site-packages\django\template\utils.py", line 89, in <listcomp>
    return [self[alias] for alias in self]
  File "C:\Users\zonwer\Envs\venv_01\lib\site-packages\django\template\utils.py", line 79, in __getitem__
    engine_cls = import_string(backend)
  File "C:\Users\zonwer\Envs\venv_01\lib\site-packages\django\utils\module_loading.py", line 20, in import_string
    module = import_module(module_path)
  File "C:\Users\zonwer\Envs\venv_01\lib\importlib\__init__.py", line 127, in import_module
    return _bootstrap._gcd_import(name[level:], package, level)
  File "<frozen importlib._bootstrap>", line 1014, in _gcd_import
  File "<frozen importlib._bootstrap>", line 991, in _find_and_load
  File "<frozen importlib._bootstrap>", line 961, in _find_and_load_unlocked
  File "<frozen importlib._bootstrap>", line 219, in _call_with_frames_removed
  File "<frozen importlib._bootstrap>", line 1014, in _gcd_import
  File "<frozen importlib._bootstrap>", line 991, in _find_and_load
  File "<frozen importlib._bootstrap>", line 961, in _find_and_load_unlocked
  File "<frozen importlib._bootstrap>", line 219, in _call_with_frames_removed
  File "<frozen importlib._bootstrap>", line 1014, in _gcd_import
  File "<frozen importlib._bootstrap>", line 991, in _find_and_load
  File "<frozen importlib._bootstrap>", line 973, in _find_and_load_unlocked
ModuleNotFoundError: No module named 'django.templates'
ERROR 2019-12-30 15:23:59,026 basehttp 124 "GET /register/ HTTP/1.1" 500 119048
ERROR 2019-12-30 15:24:38,464 exception 132 Internal Server Error: /register/
Traceback (most recent call last):
  File "C:\Users\zonwer\Envs\venv_01\lib\site-packages\django\template\utils.py", line 65, in __getitem__
    return self._engines[alias]
KeyError: 'jinja2'

During handling of the above exception, another exception occurred:

Traceback (most recent call last):
  File "C:\Users\zonwer\Envs\venv_01\lib\site-packages\django\core\handlers\exception.py", line 41, in inner
    response = get_response(request)
  File "C:\Users\zonwer\Envs\venv_01\lib\site-packages\django\core\handlers\base.py", line 187, in _get_response
    response = self.process_exception_by_middleware(e, request)
  File "C:\Users\zonwer\Envs\venv_01\lib\site-packages\django\core\handlers\base.py", line 185, in _get_response
    response = wrapped_callback(request, *callback_args, **callback_kwargs)
  File "C:\Users\zonwer\Envs\venv_01\lib\site-packages\django\views\generic\base.py", line 68, in view
    return self.dispatch(request, *args, **kwargs)
  File "C:\Users\zonwer\Envs\venv_01\lib\site-packages\django\views\generic\base.py", line 88, in dispatch
    return handler(request, *args, **kwargs)
  File "D:\CODE\Djangos\Django_zonwer\meiduo_mall\meiduo_mall\apps\users\views.py", line 7, in get
    return render(request, 'register.html')
  File "C:\Users\zonwer\Envs\venv_01\lib\site-packages\django\shortcuts.py", line 30, in render
    content = loader.render_to_string(template_name, context, request, using=using)
  File "C:\Users\zonwer\Envs\venv_01\lib\site-packages\django\template\loader.py", line 67, in render_to_string
    template = get_template(template_name, using=using)
  File "C:\Users\zonwer\Envs\venv_01\lib\site-packages\django\template\loader.py", line 18, in get_template
    engines = _engine_list(using)
  File "C:\Users\zonwer\Envs\venv_01\lib\site-packages\django\template\loader.py", line 72, in _engine_list
    return engines.all() if using is None else [engines[using]]
  File "C:\Users\zonwer\Envs\venv_01\lib\site-packages\django\template\utils.py", line 89, in all
    return [self[alias] for alias in self]
  File "C:\Users\zonwer\Envs\venv_01\lib\site-packages\django\template\utils.py", line 89, in <listcomp>
    return [self[alias] for alias in self]
  File "C:\Users\zonwer\Envs\venv_01\lib\site-packages\django\template\utils.py", line 79, in __getitem__
    engine_cls = import_string(backend)
  File "C:\Users\zonwer\Envs\venv_01\lib\site-packages\django\utils\module_loading.py", line 20, in import_string
    module = import_module(module_path)
  File "C:\Users\zonwer\Envs\venv_01\lib\importlib\__init__.py", line 127, in import_module
    return _bootstrap._gcd_import(name[level:], package, level)
  File "<frozen importlib._bootstrap>", line 1014, in _gcd_import
  File "<frozen importlib._bootstrap>", line 991, in _find_and_load
  File "<frozen importlib._bootstrap>", line 961, in _find_and_load_unlocked
  File "<frozen importlib._bootstrap>", line 219, in _call_with_frames_removed
  File "<frozen importlib._bootstrap>", line 1014, in _gcd_import
  File "<frozen importlib._bootstrap>", line 991, in _find_and_load
  File "<frozen importlib._bootstrap>", line 961, in _find_and_load_unlocked
  File "<frozen importlib._bootstrap>", line 219, in _call_with_frames_removed
  File "<frozen importlib._bootstrap>", line 1014, in _gcd_import
  File "<frozen importlib._bootstrap>", line 991, in _find_and_load
  File "<frozen importlib._bootstrap>", line 973, in _find_and_load_unlocked
ModuleNotFoundError: No module named 'django.templates'
ERROR 2019-12-30 15:24:38,601 basehttp 124 "GET /register/ HTTP/1.1" 500 118929
ERROR 2019-12-30 15:27:25,110 exception 132 Internal Server Error: /register/
Traceback (most recent call last):
  File "C:\Users\zonwer\Envs\venv_01\lib\site-packages\django\core\handlers\exception.py", line 41, in inner
    response = get_response(request)
  File "C:\Users\zonwer\Envs\venv_01\lib\site-packages\django\core\handlers\base.py", line 187, in _get_response
    response = self.process_exception_by_middleware(e, request)
  File "C:\Users\zonwer\Envs\venv_01\lib\site-packages\django\core\handlers\base.py", line 185, in _get_response
    response = wrapped_callback(request, *callback_args, **callback_kwargs)
  File "C:\Users\zonwer\Envs\venv_01\lib\site-packages\django\views\generic\base.py", line 68, in view
    return self.dispatch(request, *args, **kwargs)
  File "C:\Users\zonwer\Envs\venv_01\lib\site-packages\django\views\generic\base.py", line 88, in dispatch
    return handler(request, *args, **kwargs)
  File "D:\CODE\Djangos\Django_zonwer\meiduo_mall\meiduo_mall\apps\users\views.py", line 7, in get
    return render(request, 'register.html')
  File "C:\Users\zonwer\Envs\venv_01\lib\site-packages\django\shortcuts.py", line 30, in render
    content = loader.render_to_string(template_name, context, request, using=using)
  File "C:\Users\zonwer\Envs\venv_01\lib\site-packages\django\template\loader.py", line 68, in render_to_string
    return template.render(context, request)
  File "C:\Users\zonwer\Envs\venv_01\lib\site-packages\django\template\backends\jinja2.py", line 79, in render
    for context_processor in self.backend.template_context_processors:
  File "C:\Users\zonwer\Envs\venv_01\lib\site-packages\django\utils\functional.py", line 35, in __get__
    res = instance.__dict__[self.name] = self.func(instance)
  File "C:\Users\zonwer\Envs\venv_01\lib\site-packages\django\template\backends\jinja2.py", line 59, in template_context_processors
    return [import_string(path) for path in self.context_processors]
  File "C:\Users\zonwer\Envs\venv_01\lib\site-packages\django\template\backends\jinja2.py", line 59, in <listcomp>
    return [import_string(path) for path in self.context_processors]
  File "C:\Users\zonwer\Envs\venv_01\lib\site-packages\django\utils\module_loading.py", line 20, in import_string
    module = import_module(module_path)
  File "C:\Users\zonwer\Envs\venv_01\lib\importlib\__init__.py", line 127, in import_module
    return _bootstrap._gcd_import(name[level:], package, level)
  File "<frozen importlib._bootstrap>", line 1014, in _gcd_import
  File "<frozen importlib._bootstrap>", line 991, in _find_and_load
  File "<frozen importlib._bootstrap>", line 961, in _find_and_load_unlocked
  File "<frozen importlib._bootstrap>", line 219, in _call_with_frames_removed
  File "<frozen importlib._bootstrap>", line 1014, in _gcd_import
  File "<frozen importlib._bootstrap>", line 991, in _find_and_load
  File "<frozen importlib._bootstrap>", line 973, in _find_and_load_unlocked
ModuleNotFoundError: No module named 'django.templates'
ERROR 2019-12-30 15:27:25,248 basehttp 124 "GET /register/ HTTP/1.1" 500 111134
ERROR 2019-12-30 15:27:28,782 exception 132 Internal Server Error: /register/
Traceback (most recent call last):
  File "C:\Users\zonwer\Envs\venv_01\lib\site-packages\django\core\handlers\exception.py", line 41, in inner
    response = get_response(request)
  File "C:\Users\zonwer\Envs\venv_01\lib\site-packages\django\core\handlers\base.py", line 187, in _get_response
    response = self.process_exception_by_middleware(e, request)
  File "C:\Users\zonwer\Envs\venv_01\lib\site-packages\django\core\handlers\base.py", line 185, in _get_response
    response = wrapped_callback(request, *callback_args, **callback_kwargs)
  File "C:\Users\zonwer\Envs\venv_01\lib\site-packages\django\views\generic\base.py", line 68, in view
    return self.dispatch(request, *args, **kwargs)
  File "C:\Users\zonwer\Envs\venv_01\lib\site-packages\django\views\generic\base.py", line 88, in dispatch
    return handler(request, *args, **kwargs)
  File "D:\CODE\Djangos\Django_zonwer\meiduo_mall\meiduo_mall\apps\users\views.py", line 7, in get
    return render(request, 'register.html')
  File "C:\Users\zonwer\Envs\venv_01\lib\site-packages\django\shortcuts.py", line 30, in render
    content = loader.render_to_string(template_name, context, request, using=using)
  File "C:\Users\zonwer\Envs\venv_01\lib\site-packages\django\template\loader.py", line 68, in render_to_string
    return template.render(context, request)
  File "C:\Users\zonwer\Envs\venv_01\lib\site-packages\django\template\backends\jinja2.py", line 79, in render
    for context_processor in self.backend.template_context_processors:
  File "C:\Users\zonwer\Envs\venv_01\lib\site-packages\django\utils\functional.py", line 35, in __get__
    res = instance.__dict__[self.name] = self.func(instance)
  File "C:\Users\zonwer\Envs\venv_01\lib\site-packages\django\template\backends\jinja2.py", line 59, in template_context_processors
    return [import_string(path) for path in self.context_processors]
  File "C:\Users\zonwer\Envs\venv_01\lib\site-packages\django\template\backends\jinja2.py", line 59, in <listcomp>
    return [import_string(path) for path in self.context_processors]
  File "C:\Users\zonwer\Envs\venv_01\lib\site-packages\django\utils\module_loading.py", line 20, in import_string
    module = import_module(module_path)
  File "C:\Users\zonwer\Envs\venv_01\lib\importlib\__init__.py", line 127, in import_module
    return _bootstrap._gcd_import(name[level:], package, level)
  File "<frozen importlib._bootstrap>", line 1014, in _gcd_import
  File "<frozen importlib._bootstrap>", line 991, in _find_and_load
  File "<frozen importlib._bootstrap>", line 961, in _find_and_load_unlocked
  File "<frozen importlib._bootstrap>", line 219, in _call_with_frames_removed
  File "<frozen importlib._bootstrap>", line 1014, in _gcd_import
  File "<frozen importlib._bootstrap>", line 991, in _find_and_load
  File "<frozen importlib._bootstrap>", line 973, in _find_and_load_unlocked
ModuleNotFoundError: No module named 'django.templates'
ERROR 2019-12-30 15:27:28,822 basehttp 124 "GET /register/ HTTP/1.1" 500 111134
ERROR 2019-12-30 15:29:15,977 exception 132 Internal Server Error: /register/
Traceback (most recent call last):
  File "C:\Users\zonwer\Envs\venv_01\lib\site-packages\django\template\utils.py", line 65, in __getitem__
    return self._engines[alias]
KeyError: 'jinja2'

During handling of the above exception, another exception occurred:

Traceback (most recent call last):
  File "C:\Users\zonwer\Envs\venv_01\lib\site-packages\django\core\handlers\exception.py", line 41, in inner
    response = get_response(request)
  File "C:\Users\zonwer\Envs\venv_01\lib\site-packages\django\core\handlers\base.py", line 187, in _get_response
    response = self.process_exception_by_middleware(e, request)
  File "C:\Users\zonwer\Envs\venv_01\lib\site-packages\django\core\handlers\base.py", line 185, in _get_response
    response = wrapped_callback(request, *callback_args, **callback_kwargs)
  File "C:\Users\zonwer\Envs\venv_01\lib\site-packages\django\views\generic\base.py", line 68, in view
    return self.dispatch(request, *args, **kwargs)
  File "C:\Users\zonwer\Envs\venv_01\lib\site-packages\django\views\generic\base.py", line 88, in dispatch
    return handler(request, *args, **kwargs)
  File "D:\CODE\Djangos\Django_zonwer\meiduo_mall\meiduo_mall\apps\users\views.py", line 7, in get
    return render(request, 'register.html')
  File "C:\Users\zonwer\Envs\venv_01\lib\site-packages\django\shortcuts.py", line 30, in render
    content = loader.render_to_string(template_name, context, request, using=using)
  File "C:\Users\zonwer\Envs\venv_01\lib\site-packages\django\template\loader.py", line 67, in render_to_string
    template = get_template(template_name, using=using)
  File "C:\Users\zonwer\Envs\venv_01\lib\site-packages\django\template\loader.py", line 18, in get_template
    engines = _engine_list(using)
  File "C:\Users\zonwer\Envs\venv_01\lib\site-packages\django\template\loader.py", line 72, in _engine_list
    return engines.all() if using is None else [engines[using]]
  File "C:\Users\zonwer\Envs\venv_01\lib\site-packages\django\template\utils.py", line 89, in all
    return [self[alias] for alias in self]
  File "C:\Users\zonwer\Envs\venv_01\lib\site-packages\django\template\utils.py", line 89, in <listcomp>
    return [self[alias] for alias in self]
  File "C:\Users\zonwer\Envs\venv_01\lib\site-packages\django\template\utils.py", line 79, in __getitem__
    engine_cls = import_string(backend)
  File "C:\Users\zonwer\Envs\venv_01\lib\site-packages\django\utils\module_loading.py", line 20, in import_string
    module = import_module(module_path)
  File "C:\Users\zonwer\Envs\venv_01\lib\importlib\__init__.py", line 127, in import_module
    return _bootstrap._gcd_import(name[level:], package, level)
  File "<frozen importlib._bootstrap>", line 1014, in _gcd_import
  File "<frozen importlib._bootstrap>", line 991, in _find_and_load
  File "<frozen importlib._bootstrap>", line 961, in _find_and_load_unlocked
  File "<frozen importlib._bootstrap>", line 219, in _call_with_frames_removed
  File "<frozen importlib._bootstrap>", line 1014, in _gcd_import
  File "<frozen importlib._bootstrap>", line 991, in _find_and_load
  File "<frozen importlib._bootstrap>", line 961, in _find_and_load_unlocked
  File "<frozen importlib._bootstrap>", line 219, in _call_with_frames_removed
  File "<frozen importlib._bootstrap>", line 1014, in _gcd_import
  File "<frozen importlib._bootstrap>", line 991, in _find_and_load
  File "<frozen importlib._bootstrap>", line 973, in _find_and_load_unlocked
ModuleNotFoundError: No module named 'django.templates'
ERROR 2019-12-30 15:29:16,111 basehttp 124 "GET /register/ HTTP/1.1" 500 118926
INFO 2019-12-30 15:33:55,079 basehttp 124 "GET /register/ HTTP/1.1" 200 3062
WARNING 2019-12-30 15:33:55,115 base 150 Not Found: /register/css/reset.css
WARNING 2019-12-30 15:33:55,116 basehttp 124 "GET /register/css/reset.css HTTP/1.1" 404 2159
WARNING 2019-12-30 15:33:55,121 base 150 Not Found: /register/css/main.css
WARNING 2019-12-30 15:33:55,125 base 150 Not Found: /register/images/logo.png
WARNING 2019-12-30 15:33:55,129 base 150 Not Found: /register/images/pic_code.jpg
WARNING 2019-12-30 15:33:55,130 basehttp 124 "GET /register/css/main.css HTTP/1.1" 404 2156
WARNING 2019-12-30 15:33:55,134 base 150 Not Found: /register/js/register.js
WARNING 2019-12-30 15:33:55,134 basehttp 124 "GET /register/images/logo.png HTTP/1.1" 404 2165
WARNING 2019-12-30 15:33:55,135 basehttp 124 "GET /register/images/pic_code.jpg HTTP/1.1" 404 2177
WARNING 2019-12-30 15:33:55,136 basehttp 124 "GET /register/js/register.js HTTP/1.1" 404 2162
INFO 2019-12-30 15:34:00,283 basehttp 124 "GET /register/ HTTP/1.1" 200 3062
WARNING 2019-12-30 15:34:00,312 base 150 Not Found: /register/css/reset.css
WARNING 2019-12-30 15:34:00,313 basehttp 124 "GET /register/css/reset.css HTTP/1.1" 404 2159
WARNING 2019-12-30 15:34:00,316 base 150 Not Found: /register/css/main.css
WARNING 2019-12-30 15:34:00,320 base 150 Not Found: /register/images/logo.png
WARNING 2019-12-30 15:34:00,324 base 150 Not Found: /register/js/register.js
WARNING 2019-12-30 15:34:00,324 basehttp 124 "GET /register/css/main.css HTTP/1.1" 404 2156
WARNING 2019-12-30 15:34:00,329 base 150 Not Found: /register/images/pic_code.jpg
WARNING 2019-12-30 15:34:00,330 basehttp 124 "GET /register/images/logo.png HTTP/1.1" 404 2165
WARNING 2019-12-30 15:34:00,330 basehttp 124 "GET /register/js/register.js HTTP/1.1" 404 2162
WARNING 2019-12-30 15:34:00,332 basehttp 124 "GET /register/images/pic_code.jpg HTTP/1.1" 404 2177
INFO 2019-12-30 15:34:01,129 basehttp 124 "GET /register/ HTTP/1.1" 200 3062
WARNING 2019-12-30 15:34:01,155 base 150 Not Found: /register/css/reset.css
WARNING 2019-12-30 15:34:01,159 base 150 Not Found: /register/css/main.css
WARNING 2019-12-30 15:34:01,160 basehttp 124 "GET /register/css/reset.css HTTP/1.1" 404 2159
WARNING 2019-12-30 15:34:01,163 base 150 Not Found: /register/images/logo.png
WARNING 2019-12-30 15:34:01,167 base 150 Not Found: /register/js/register.js
WARNING 2019-12-30 15:34:01,168 basehttp 124 "GET /register/css/main.css HTTP/1.1" 404 2156
WARNING 2019-12-30 15:34:01,171 base 150 Not Found: /register/images/pic_code.jpg
WARNING 2019-12-30 15:34:01,171 basehttp 124 "GET /register/images/logo.png HTTP/1.1" 404 2165
WARNING 2019-12-30 15:34:01,172 basehttp 124 "GET /register/js/register.js HTTP/1.1" 404 2162
WARNING 2019-12-30 15:34:01,173 basehttp 124 "GET /register/images/pic_code.jpg HTTP/1.1" 404 2177
INFO 2019-12-30 15:34:01,338 basehttp 124 "GET /register/ HTTP/1.1" 200 3062
WARNING 2019-12-30 15:34:01,366 base 150 Not Found: /register/css/reset.css
WARNING 2019-12-30 15:34:01,367 basehttp 124 "GET /register/css/reset.css HTTP/1.1" 404 2159
WARNING 2019-12-30 15:34:01,372 base 150 Not Found: /register/css/main.css
WARNING 2019-12-30 15:34:01,375 base 150 Not Found: /register/images/logo.png
WARNING 2019-12-30 15:34:01,376 basehttp 124 "GET /register/images/logo.png HTTP/1.1" 404 2165
WARNING 2019-12-30 15:34:01,376 basehttp 124 "GET /register/css/main.css HTTP/1.1" 404 2156
WARNING 2019-12-30 15:34:01,381 base 150 Not Found: /register/images/pic_code.jpg
WARNING 2019-12-30 15:34:01,385 base 150 Not Found: /register/js/register.js
WARNING 2019-12-30 15:34:01,386 basehttp 124 "GET /register/js/register.js HTTP/1.1" 404 2162
WARNING 2019-12-30 15:34:01,386 basehttp 124 "GET /register/images/pic_code.jpg HTTP/1.1" 404 2177
INFO 2019-12-30 15:34:01,556 basehttp 124 "GET /register/ HTTP/1.1" 200 3062
WARNING 2019-12-30 15:34:01,583 base 150 Not Found: /register/css/reset.css
WARNING 2019-12-30 15:34:01,586 base 150 Not Found: /register/css/main.css
WARNING 2019-12-30 15:34:01,586 basehttp 124 "GET /register/css/reset.css HTTP/1.1" 404 2159
WARNING 2019-12-30 15:34:01,587 basehttp 124 "GET /register/css/main.css HTTP/1.1" 404 2156
WARNING 2019-12-30 15:34:01,592 base 150 Not Found: /register/images/logo.png
WARNING 2019-12-30 15:34:01,597 base 150 Not Found: /register/images/pic_code.jpg
WARNING 2019-12-30 15:34:01,601 base 150 Not Found: /register/js/register.js
WARNING 2019-12-30 15:34:01,601 basehttp 124 "GET /register/images/pic_code.jpg HTTP/1.1" 404 2177
WARNING 2019-12-30 15:34:01,602 basehttp 124 "GET /register/images/logo.png HTTP/1.1" 404 2165
WARNING 2019-12-30 15:34:01,603 basehttp 124 "GET /register/js/register.js HTTP/1.1" 404 2162
INFO 2019-12-30 15:34:01,750 basehttp 124 "GET /register/ HTTP/1.1" 200 3062
WARNING 2019-12-30 15:34:01,778 base 150 Not Found: /register/css/reset.css
WARNING 2019-12-30 15:34:01,779 basehttp 124 "GET /register/css/reset.css HTTP/1.1" 404 2159
WARNING 2019-12-30 15:34:01,783 base 150 Not Found: /register/css/main.css
WARNING 2019-12-30 15:34:01,786 base 150 Not Found: /register/images/logo.png
WARNING 2019-12-30 15:34:01,791 base 150 Not Found: /register/images/pic_code.jpg
WARNING 2019-12-30 15:34:01,792 basehttp 124 "GET /register/css/main.css HTTP/1.1" 404 2156
WARNING 2019-12-30 15:34:01,796 base 150 Not Found: /register/js/register.js
WARNING 2019-12-30 15:34:01,796 basehttp 124 "GET /register/images/logo.png HTTP/1.1" 404 2165
WARNING 2019-12-30 15:34:01,797 basehttp 124 "GET /register/images/pic_code.jpg HTTP/1.1" 404 2177
WARNING 2019-12-30 15:34:01,798 basehttp 124 "GET /register/js/register.js HTTP/1.1" 404 2162
INFO 2019-12-30 15:34:01,937 basehttp 124 "GET /register/ HTTP/1.1" 200 3062
WARNING 2019-12-30 15:34:01,968 base 150 Not Found: /register/css/reset.css
WARNING 2019-12-30 15:34:01,969 basehttp 124 "GET /register/css/reset.css HTTP/1.1" 404 2159
WARNING 2019-12-30 15:34:01,973 base 150 Not Found: /register/css/main.css
WARNING 2019-12-30 15:34:01,977 base 150 Not Found: /register/images/logo.png
WARNING 2019-12-30 15:34:01,978 basehttp 124 "GET /register/images/logo.png HTTP/1.1" 404 2165
WARNING 2019-12-30 15:34:01,979 basehttp 124 "GET /register/css/main.css HTTP/1.1" 404 2156
WARNING 2019-12-30 15:34:01,983 base 150 Not Found: /register/images/pic_code.jpg
WARNING 2019-12-30 15:34:01,986 base 150 Not Found: /register/js/register.js
WARNING 2019-12-30 15:34:01,988 basehttp 124 "GET /register/images/pic_code.jpg HTTP/1.1" 404 2177
WARNING 2019-12-30 15:34:01,988 basehttp 124 "GET /register/js/register.js HTTP/1.1" 404 2162
INFO 2019-12-30 15:34:02,223 basehttp 124 "GET /register/ HTTP/1.1" 200 3062
WARNING 2019-12-30 15:34:02,250 base 150 Not Found: /register/css/reset.css
WARNING 2019-12-30 15:34:02,253 base 150 Not Found: /register/css/main.css
WARNING 2019-12-30 15:34:02,257 base 150 Not Found: /register/images/logo.png
WARNING 2019-12-30 15:34:02,258 basehttp 124 "GET /register/css/reset.css HTTP/1.1" 404 2159
WARNING 2019-12-30 15:34:02,262 base 150 Not Found: /register/images/pic_code.jpg
WARNING 2019-12-30 15:34:02,263 basehttp 124 "GET /register/css/main.css HTTP/1.1" 404 2156
WARNING 2019-12-30 15:34:02,267 base 150 Not Found: /register/js/register.js
WARNING 2019-12-30 15:34:02,267 basehttp 124 "GET /register/images/logo.png HTTP/1.1" 404 2165
WARNING 2019-12-30 15:34:02,268 basehttp 124 "GET /register/images/pic_code.jpg HTTP/1.1" 404 2177
WARNING 2019-12-30 15:34:02,269 basehttp 124 "GET /register/js/register.js HTTP/1.1" 404 2162
INFO 2019-12-30 15:34:02,538 basehttp 124 "GET /register/ HTTP/1.1" 200 3062
WARNING 2019-12-30 15:34:02,565 base 150 Not Found: /register/css/reset.css
WARNING 2019-12-30 15:34:02,569 base 150 Not Found: /register/css/main.css
WARNING 2019-12-30 15:34:02,574 base 150 Not Found: /register/images/logo.png
WARNING 2019-12-30 15:34:02,580 base 150 Not Found: /register/images/pic_code.jpg
WARNING 2019-12-30 15:34:02,580 basehttp 124 "GET /register/css/main.css HTTP/1.1" 404 2156
WARNING 2019-12-30 15:34:02,580 basehttp 124 "GET /register/css/reset.css HTTP/1.1" 404 2159
WARNING 2019-12-30 15:34:02,584 base 150 Not Found: /register/js/register.js
WARNING 2019-12-30 15:34:02,584 basehttp 124 "GET /register/images/logo.png HTTP/1.1" 404 2165
WARNING 2019-12-30 15:34:02,585 basehttp 124 "GET /register/images/pic_code.jpg HTTP/1.1" 404 2177
WARNING 2019-12-30 15:34:02,587 basehttp 124 "GET /register/js/register.js HTTP/1.1" 404 2162
INFO 2019-12-30 15:34:02,751 basehttp 124 "GET /register/ HTTP/1.1" 200 3062
WARNING 2019-12-30 15:34:02,776 base 150 Not Found: /register/css/reset.css
WARNING 2019-12-30 15:34:02,780 base 150 Not Found: /register/css/main.css
WARNING 2019-12-30 15:34:02,783 base 150 Not Found: /register/images/logo.png
WARNING 2019-12-30 15:34:02,787 base 150 Not Found: /register/images/pic_code.jpg
WARNING 2019-12-30 15:34:02,787 basehttp 124 "GET /register/css/reset.css HTTP/1.1" 404 2159
WARNING 2019-12-30 15:34:02,788 basehttp 124 "GET /register/css/main.css HTTP/1.1" 404 2156
WARNING 2019-12-30 15:34:02,791 base 150 Not Found: /register/js/register.js
WARNING 2019-12-30 15:34:02,792 basehttp 124 "GET /register/images/logo.png HTTP/1.1" 404 2165
WARNING 2019-12-30 15:34:02,794 basehttp 124 "GET /register/images/pic_code.jpg HTTP/1.1" 404 2177
WARNING 2019-12-30 15:34:02,794 basehttp 124 "GET /register/js/register.js HTTP/1.1" 404 2162
WARNING 2019-12-30 15:34:17,086 base 150 Not Found: /register/index.html
WARNING 2019-12-30 15:34:17,087 basehttp 124 "GET /register/index.html HTTP/1.1" 404 2150
WARNING 2019-12-30 15:34:20,285 base 150 Not Found: /register/index.html
WARNING 2019-12-30 15:34:20,285 basehttp 124 "GET /register/index.html HTTP/1.1" 404 2150
WARNING 2019-12-30 15:34:26,082 base 150 Not Found: /register/index.html
WARNING 2019-12-30 15:34:26,083 basehttp 124 "GET /register/index.html HTTP/1.1" 404 2150
WARNING 2019-12-30 15:34:26,908 base 150 Not Found: /register/index.html
WARNING 2019-12-30 15:34:26,909 basehttp 124 "GET /register/index.html HTTP/1.1" 404 2150
WARNING 2019-12-30 15:34:27,112 base 150 Not Found: /register/index.html
WARNING 2019-12-30 15:34:27,113 basehttp 124 "GET /register/index.html HTTP/1.1" 404 2150
WARNING 2019-12-30 15:34:27,673 base 150 Not Found: /register/index.html
WARNING 2019-12-30 15:34:27,674 basehttp 124 "GET /register/index.html HTTP/1.1" 404 2150
WARNING 2019-12-30 15:36:41,347 base 150 Not Found: /
WARNING 2019-12-30 15:36:41,348 basehttp 124 "GET / HTTP/1.1" 404 2075
INFO 2019-12-30 15:36:49,439 basehttp 124 "GET /register/ HTTP/1.1" 200 3062
WARNING 2019-12-30 15:36:49,465 base 150 Not Found: /register/css/reset.css
WARNING 2019-12-30 15:36:49,466 basehttp 124 "GET /register/css/reset.css HTTP/1.1" 404 2159
WARNING 2019-12-30 15:36:49,471 base 150 Not Found: /register/css/main.css
WARNING 2019-12-30 15:36:49,475 base 150 Not Found: /register/images/logo.png
WARNING 2019-12-30 15:36:49,478 base 150 Not Found: /register/images/pic_code.jpg
WARNING 2019-12-30 15:36:49,478 basehttp 124 "GET /register/css/main.css HTTP/1.1" 404 2156
WARNING 2019-12-30 15:36:49,479 basehttp 124 "GET /register/images/logo.png HTTP/1.1" 404 2165
WARNING 2019-12-30 15:36:49,482 base 150 Not Found: /register/js/register.js
WARNING 2019-12-30 15:36:49,483 basehttp 124 "GET /register/images/pic_code.jpg HTTP/1.1" 404 2177
WARNING 2019-12-30 15:36:49,484 basehttp 124 "GET /register/js/register.js HTTP/1.1" 404 2162
INFO 2019-12-30 15:36:57,023 basehttp 124 "GET /register/ HTTP/1.1" 200 3062
WARNING 2019-12-30 15:36:57,058 base 150 Not Found: /register/css/reset.css
WARNING 2019-12-30 15:36:57,060 basehttp 124 "GET /register/css/reset.css HTTP/1.1" 404 2159
WARNING 2019-12-30 15:36:57,065 base 150 Not Found: /register/css/main.css
WARNING 2019-12-30 15:36:57,071 base 150 Not Found: /register/images/logo.png
WARNING 2019-12-30 15:36:57,072 basehttp 124 "GET /register/css/main.css HTTP/1.1" 404 2156
WARNING 2019-12-30 15:36:57,076 base 150 Not Found: /register/images/pic_code.jpg
WARNING 2019-12-30 15:36:57,079 base 150 Not Found: /register/js/register.js
WARNING 2019-12-30 15:36:57,080 basehttp 124 "GET /register/images/logo.png HTTP/1.1" 404 2165
WARNING 2019-12-30 15:36:57,081 basehttp 124 "GET /register/images/pic_code.jpg HTTP/1.1" 404 2177
WARNING 2019-12-30 15:36:57,081 basehttp 124 "GET /register/js/register.js HTTP/1.1" 404 2162
WARNING 2019-12-30 15:39:00,709 base 150 Not Found: /
WARNING 2019-12-30 15:39:00,710 basehttp 124 "GET / HTTP/1.1" 404 2075
ERROR 2019-12-30 15:39:06,608 exception 132 Internal Server Error: /register/
Traceback (most recent call last):
  File "C:\Users\zonwer\Envs\venv_01\lib\site-packages\django\template\utils.py", line 65, in __getitem__
    return self._engines[alias]
KeyError: 'django'

During handling of the above exception, another exception occurred:

Traceback (most recent call last):
  File "C:\Users\zonwer\Envs\venv_01\lib\site-packages\django\core\handlers\exception.py", line 41, in inner
    response = get_response(request)
  File "C:\Users\zonwer\Envs\venv_01\lib\site-packages\django\core\handlers\base.py", line 187, in _get_response
    response = self.process_exception_by_middleware(e, request)
  File "C:\Users\zonwer\Envs\venv_01\lib\site-packages\django\core\handlers\base.py", line 185, in _get_response
    response = wrapped_callback(request, *callback_args, **callback_kwargs)
  File "C:\Users\zonwer\Envs\venv_01\lib\site-packages\django\views\generic\base.py", line 68, in view
    return self.dispatch(request, *args, **kwargs)
  File "C:\Users\zonwer\Envs\venv_01\lib\site-packages\django\views\generic\base.py", line 88, in dispatch
    return handler(request, *args, **kwargs)
  File "D:\CODE\Djangos\Django_zonwer\meiduo_mall\meiduo_mall\apps\users\views.py", line 7, in get
    return render(request, 'register.html')
  File "C:\Users\zonwer\Envs\venv_01\lib\site-packages\django\shortcuts.py", line 30, in render
    content = loader.render_to_string(template_name, context, request, using=using)
  File "C:\Users\zonwer\Envs\venv_01\lib\site-packages\django\template\loader.py", line 67, in render_to_string
    template = get_template(template_name, using=using)
  File "C:\Users\zonwer\Envs\venv_01\lib\site-packages\django\template\loader.py", line 18, in get_template
    engines = _engine_list(using)
  File "C:\Users\zonwer\Envs\venv_01\lib\site-packages\django\template\loader.py", line 72, in _engine_list
    return engines.all() if using is None else [engines[using]]
  File "C:\Users\zonwer\Envs\venv_01\lib\site-packages\django\template\utils.py", line 89, in all
    return [self[alias] for alias in self]
  File "C:\Users\zonwer\Envs\venv_01\lib\site-packages\django\template\utils.py", line 89, in <listcomp>
    return [self[alias] for alias in self]
  File "C:\Users\zonwer\Envs\venv_01\lib\site-packages\django\template\utils.py", line 79, in __getitem__
    engine_cls = import_string(backend)
  File "C:\Users\zonwer\Envs\venv_01\lib\site-packages\django\utils\module_loading.py", line 20, in import_string
    module = import_module(module_path)
  File "C:\Users\zonwer\Envs\venv_01\lib\importlib\__init__.py", line 127, in import_module
    return _bootstrap._gcd_import(name[level:], package, level)
  File "<frozen importlib._bootstrap>", line 1014, in _gcd_import
  File "<frozen importlib._bootstrap>", line 991, in _find_and_load
  File "<frozen importlib._bootstrap>", line 961, in _find_and_load_unlocked
  File "<frozen importlib._bootstrap>", line 219, in _call_with_frames_removed
  File "<frozen importlib._bootstrap>", line 1014, in _gcd_import
  File "<frozen importlib._bootstrap>", line 991, in _find_and_load
  File "<frozen importlib._bootstrap>", line 961, in _find_and_load_unlocked
  File "<frozen importlib._bootstrap>", line 219, in _call_with_frames_removed
  File "<frozen importlib._bootstrap>", line 1014, in _gcd_import
  File "<frozen importlib._bootstrap>", line 991, in _find_and_load
  File "<frozen importlib._bootstrap>", line 973, in _find_and_load_unlocked
ModuleNotFoundError: No module named 'django.templates'
ERROR 2019-12-30 15:39:06,737 basehttp 124 "GET /register/ HTTP/1.1" 500 117142
INFO 2019-12-30 15:39:47,118 basehttp 124 "GET /register/ HTTP/1.1" 200 3062
WARNING 2019-12-30 15:39:47,153 base 150 Not Found: /register/css/reset.css
WARNING 2019-12-30 15:39:47,156 base 150 Not Found: /register/css/main.css
WARNING 2019-12-30 15:39:47,160 base 150 Not Found: /register/js/register.js
WARNING 2019-12-30 15:39:47,160 basehttp 124 "GET /register/css/reset.css HTTP/1.1" 404 2159
WARNING 2019-12-30 15:39:47,161 basehttp 124 "GET /register/css/main.css HTTP/1.1" 404 2156
WARNING 2019-12-30 15:39:47,166 base 150 Not Found: /register/images/logo.png
WARNING 2019-12-30 15:39:47,166 basehttp 124 "GET /register/js/register.js HTTP/1.1" 404 2162
WARNING 2019-12-30 15:39:47,169 base 150 Not Found: /register/images/pic_code.jpg
WARNING 2019-12-30 15:39:47,171 basehttp 124 "GET /register/images/logo.png HTTP/1.1" 404 2165
WARNING 2019-12-30 15:39:47,171 basehttp 124 "GET /register/images/pic_code.jpg HTTP/1.1" 404 2177
INFO 2019-12-30 15:43:25,993 basehttp 124 "GET /register/ HTTP/1.1" 200 3062
WARNING 2019-12-30 15:43:26,036 base 150 Not Found: /register/css/reset.css
WARNING 2019-12-30 15:43:26,037 basehttp 124 "GET /register/css/reset.css HTTP/1.1" 404 2159
WARNING 2019-12-30 15:43:26,046 base 150 Not Found: /register/css/main.css
WARNING 2019-12-30 15:43:26,050 base 150 Not Found: /register/images/logo.png
WARNING 2019-12-30 15:43:26,053 base 150 Not Found: /register/images/pic_code.jpg
WARNING 2019-12-30 15:43:26,056 base 150 Not Found: /register/js/register.js
WARNING 2019-12-30 15:43:26,056 basehttp 124 "GET /register/css/main.css HTTP/1.1" 404 2156
WARNING 2019-12-30 15:43:26,057 basehttp 124 "GET /register/images/logo.png HTTP/1.1" 404 2165
WARNING 2019-12-30 15:43:26,057 basehttp 124 "GET /register/images/pic_code.jpg HTTP/1.1" 404 2177
WARNING 2019-12-30 15:43:26,057 basehttp 124 "GET /register/js/register.js HTTP/1.1" 404 2162
WARNING 2019-12-30 15:43:36,453 base 150 Not Found: /
WARNING 2019-12-30 15:43:36,453 basehttp 124 "GET / HTTP/1.1" 404 2075
INFO 2019-12-30 15:43:46,131 basehttp 124 "GET /register/ HTTP/1.1" 200 3062
WARNING 2019-12-30 15:43:46,161 base 150 Not Found: /register/css/reset.css
WARNING 2019-12-30 15:43:46,165 base 150 Not Found: /register/css/main.css
WARNING 2019-12-30 15:43:46,168 base 150 Not Found: /register/images/logo.png
WARNING 2019-12-30 15:43:46,169 basehttp 124 "GET /register/css/reset.css HTTP/1.1" 404 2159
WARNING 2019-12-30 15:43:46,169 basehttp 124 "GET /register/css/main.css HTTP/1.1" 404 2156
WARNING 2019-12-30 15:43:46,172 base 150 Not Found: /register/js/register.js
WARNING 2019-12-30 15:43:46,177 base 150 Not Found: /register/images/pic_code.jpg
WARNING 2019-12-30 15:43:46,177 basehttp 124 "GET /register/images/logo.png HTTP/1.1" 404 2165
WARNING 2019-12-30 15:43:46,179 basehttp 124 "GET /register/images/pic_code.jpg HTTP/1.1" 404 2177
WARNING 2019-12-30 15:43:46,179 basehttp 124 "GET /register/js/register.js HTTP/1.1" 404 2162
INFO 2019-12-30 15:44:41,911 basehttp 124 "GET /register/ HTTP/1.1" 200 3062
WARNING 2019-12-30 15:44:41,937 base 150 Not Found: /register/css/reset.css
WARNING 2019-12-30 15:44:41,941 base 150 Not Found: /register/css/main.css
WARNING 2019-12-30 15:44:41,941 basehttp 124 "GET /register/css/reset.css HTTP/1.1" 404 2159
WARNING 2019-12-30 15:44:41,945 base 150 Not Found: /register/images/logo.png
WARNING 2019-12-30 15:44:41,948 base 150 Not Found: /register/images/pic_code.jpg
WARNING 2019-12-30 15:44:41,949 basehttp 124 "GET /register/css/main.css HTTP/1.1" 404 2156
WARNING 2019-12-30 15:44:41,953 base 150 Not Found: /register/js/register.js
WARNING 2019-12-30 15:44:41,953 basehttp 124 "GET /register/images/logo.png HTTP/1.1" 404 2165
WARNING 2019-12-30 15:44:41,954 basehttp 124 "GET /register/images/pic_code.jpg HTTP/1.1" 404 2177
WARNING 2019-12-30 15:44:41,955 basehttp 124 "GET /register/js/register.js HTTP/1.1" 404 2162
INFO 2019-12-30 15:44:42,826 basehttp 124 "GET /register/ HTTP/1.1" 200 3062
WARNING 2019-12-30 15:44:42,856 base 150 Not Found: /register/css/reset.css
WARNING 2019-12-30 15:44:42,860 base 150 Not Found: /register/css/main.css
WARNING 2019-12-30 15:44:42,864 base 150 Not Found: /register/images/logo.png
WARNING 2019-12-30 15:44:42,864 basehttp 124 "GET /register/css/reset.css HTTP/1.1" 404 2159
WARNING 2019-12-30 15:44:42,865 basehttp 124 "GET /register/css/main.css HTTP/1.1" 404 2156
WARNING 2019-12-30 15:44:42,866 basehttp 124 "GET /register/images/logo.png HTTP/1.1" 404 2165
WARNING 2019-12-30 15:44:42,870 base 150 Not Found: /register/images/pic_code.jpg
WARNING 2019-12-30 15:44:42,874 base 150 Not Found: /register/js/register.js
WARNING 2019-12-30 15:44:42,875 basehttp 124 "GET /register/images/pic_code.jpg HTTP/1.1" 404 2177
WARNING 2019-12-30 15:44:42,875 basehttp 124 "GET /register/js/register.js HTTP/1.1" 404 2162
INFO 2019-12-30 15:44:43,827 basehttp 124 "GET /register/ HTTP/1.1" 200 3062
WARNING 2019-12-30 15:44:43,854 base 150 Not Found: /register/css/reset.css
WARNING 2019-12-30 15:44:43,855 basehttp 124 "GET /register/css/reset.css HTTP/1.1" 404 2159
WARNING 2019-12-30 15:44:43,859 base 150 Not Found: /register/css/main.css
WARNING 2019-12-30 15:44:43,862 base 150 Not Found: /register/images/logo.png
WARNING 2019-12-30 15:44:43,865 base 150 Not Found: /register/images/pic_code.jpg
WARNING 2019-12-30 15:44:43,866 basehttp 124 "GET /register/css/main.css HTTP/1.1" 404 2156
WARNING 2019-12-30 15:44:43,870 base 150 Not Found: /register/js/register.js
WARNING 2019-12-30 15:44:43,870 basehttp 124 "GET /register/images/logo.png HTTP/1.1" 404 2165
WARNING 2019-12-30 15:44:43,872 basehttp 124 "GET /register/images/pic_code.jpg HTTP/1.1" 404 2177
WARNING 2019-12-30 15:44:43,873 basehttp 124 "GET /register/js/register.js HTTP/1.1" 404 2162
ERROR 2019-12-30 15:45:09,674 exception 132 Internal Server Error: /register/
Traceback (most recent call last):
  File "C:\Users\zonwer\Envs\venv_01\lib\site-packages\django\core\handlers\exception.py", line 41, in inner
    response = get_response(request)
  File "C:\Users\zonwer\Envs\venv_01\lib\site-packages\django\core\handlers\base.py", line 187, in _get_response
    response = self.process_exception_by_middleware(e, request)
  File "C:\Users\zonwer\Envs\venv_01\lib\site-packages\django\core\handlers\base.py", line 185, in _get_response
    response = wrapped_callback(request, *callback_args, **callback_kwargs)
  File "C:\Users\zonwer\Envs\venv_01\lib\site-packages\django\views\generic\base.py", line 68, in view
    return self.dispatch(request, *args, **kwargs)
  File "C:\Users\zonwer\Envs\venv_01\lib\site-packages\django\views\generic\base.py", line 88, in dispatch
    return handler(request, *args, **kwargs)
  File "D:\CODE\Djangos\Django_zonwer\meiduo_mall\meiduo_mall\apps\users\views.py", line 7, in get
    return render(request, 'register.html')
  File "C:\Users\zonwer\Envs\venv_01\lib\site-packages\django\shortcuts.py", line 30, in render
    content = loader.render_to_string(template_name, context, request, using=using)
  File "C:\Users\zonwer\Envs\venv_01\lib\site-packages\django\template\loader.py", line 67, in render_to_string
    template = get_template(template_name, using=using)
  File "C:\Users\zonwer\Envs\venv_01\lib\site-packages\django\template\loader.py", line 25, in get_template
    raise TemplateDoesNotExist(template_name, chain=chain)
django.template.exceptions.TemplateDoesNotExist: register.html
ERROR 2019-12-30 15:45:09,791 basehttp 124 "GET /register/ HTTP/1.1" 500 91522
ERROR 2019-12-30 15:45:27,928 exception 132 Internal Server Error: /register/
Traceback (most recent call last):
  File "C:\Users\zonwer\Envs\venv_01\lib\site-packages\django\core\handlers\exception.py", line 41, in inner
    response = get_response(request)
  File "C:\Users\zonwer\Envs\venv_01\lib\site-packages\django\core\handlers\base.py", line 187, in _get_response
    response = self.process_exception_by_middleware(e, request)
  File "C:\Users\zonwer\Envs\venv_01\lib\site-packages\django\core\handlers\base.py", line 185, in _get_response
    response = wrapped_callback(request, *callback_args, **callback_kwargs)
  File "C:\Users\zonwer\Envs\venv_01\lib\site-packages\django\views\generic\base.py", line 68, in view
    return self.dispatch(request, *args, **kwargs)
  File "C:\Users\zonwer\Envs\venv_01\lib\site-packages\django\views\generic\base.py", line 88, in dispatch
    return handler(request, *args, **kwargs)
  File "D:\CODE\Djangos\Django_zonwer\meiduo_mall\meiduo_mall\apps\users\views.py", line 7, in get
    return render(request, 'register.html')
  File "C:\Users\zonwer\Envs\venv_01\lib\site-packages\django\shortcuts.py", line 30, in render
    content = loader.render_to_string(template_name, context, request, using=using)
  File "C:\Users\zonwer\Envs\venv_01\lib\site-packages\django\template\loader.py", line 67, in render_to_string
    template = get_template(template_name, using=using)
  File "C:\Users\zonwer\Envs\venv_01\lib\site-packages\django\template\loader.py", line 25, in get_template
    raise TemplateDoesNotExist(template_name, chain=chain)
django.template.exceptions.TemplateDoesNotExist: register.html
ERROR 2019-12-30 15:45:28,049 basehttp 124 "GET /register/ HTTP/1.1" 500 91521
ERROR 2019-12-30 15:45:29,046 exception 132 Internal Server Error: /register/
Traceback (most recent call last):
  File "C:\Users\zonwer\Envs\venv_01\lib\site-packages\django\core\handlers\exception.py", line 41, in inner
    response = get_response(request)
  File "C:\Users\zonwer\Envs\venv_01\lib\site-packages\django\core\handlers\base.py", line 187, in _get_response
    response = self.process_exception_by_middleware(e, request)
  File "C:\Users\zonwer\Envs\venv_01\lib\site-packages\django\core\handlers\base.py", line 185, in _get_response
    response = wrapped_callback(request, *callback_args, **callback_kwargs)
  File "C:\Users\zonwer\Envs\venv_01\lib\site-packages\django\views\generic\base.py", line 68, in view
    return self.dispatch(request, *args, **kwargs)
  File "C:\Users\zonwer\Envs\venv_01\lib\site-packages\django\views\generic\base.py", line 88, in dispatch
    return handler(request, *args, **kwargs)
  File "D:\CODE\Djangos\Django_zonwer\meiduo_mall\meiduo_mall\apps\users\views.py", line 7, in get
    return render(request, 'register.html')
  File "C:\Users\zonwer\Envs\venv_01\lib\site-packages\django\shortcuts.py", line 30, in render
    content = loader.render_to_string(template_name, context, request, using=using)
  File "C:\Users\zonwer\Envs\venv_01\lib\site-packages\django\template\loader.py", line 67, in render_to_string
    template = get_template(template_name, using=using)
  File "C:\Users\zonwer\Envs\venv_01\lib\site-packages\django\template\loader.py", line 25, in get_template
    raise TemplateDoesNotExist(template_name, chain=chain)
django.template.exceptions.TemplateDoesNotExist: register.html
ERROR 2019-12-30 15:45:29,078 basehttp 124 "GET /register/ HTTP/1.1" 500 91521
ERROR 2019-12-30 15:45:29,849 exception 132 Internal Server Error: /register/
Traceback (most recent call last):
  File "C:\Users\zonwer\Envs\venv_01\lib\site-packages\django\core\handlers\exception.py", line 41, in inner
    response = get_response(request)
  File "C:\Users\zonwer\Envs\venv_01\lib\site-packages\django\core\handlers\base.py", line 187, in _get_response
    response = self.process_exception_by_middleware(e, request)
  File "C:\Users\zonwer\Envs\venv_01\lib\site-packages\django\core\handlers\base.py", line 185, in _get_response
    response = wrapped_callback(request, *callback_args, **callback_kwargs)
  File "C:\Users\zonwer\Envs\venv_01\lib\site-packages\django\views\generic\base.py", line 68, in view
    return self.dispatch(request, *args, **kwargs)
  File "C:\Users\zonwer\Envs\venv_01\lib\site-packages\django\views\generic\base.py", line 88, in dispatch
    return handler(request, *args, **kwargs)
  File "D:\CODE\Djangos\Django_zonwer\meiduo_mall\meiduo_mall\apps\users\views.py", line 7, in get
    return render(request, 'register.html')
  File "C:\Users\zonwer\Envs\venv_01\lib\site-packages\django\shortcuts.py", line 30, in render
    content = loader.render_to_string(template_name, context, request, using=using)
  File "C:\Users\zonwer\Envs\venv_01\lib\site-packages\django\template\loader.py", line 67, in render_to_string
    template = get_template(template_name, using=using)
  File "C:\Users\zonwer\Envs\venv_01\lib\site-packages\django\template\loader.py", line 25, in get_template
    raise TemplateDoesNotExist(template_name, chain=chain)
django.template.exceptions.TemplateDoesNotExist: register.html
ERROR 2019-12-30 15:45:29,883 basehttp 124 "GET /register/ HTTP/1.1" 500 91521
ERROR 2019-12-30 15:45:30,357 exception 132 Internal Server Error: /register/
Traceback (most recent call last):
  File "C:\Users\zonwer\Envs\venv_01\lib\site-packages\django\core\handlers\exception.py", line 41, in inner
    response = get_response(request)
  File "C:\Users\zonwer\Envs\venv_01\lib\site-packages\django\core\handlers\base.py", line 187, in _get_response
    response = self.process_exception_by_middleware(e, request)
  File "C:\Users\zonwer\Envs\venv_01\lib\site-packages\django\core\handlers\base.py", line 185, in _get_response
    response = wrapped_callback(request, *callback_args, **callback_kwargs)
  File "C:\Users\zonwer\Envs\venv_01\lib\site-packages\django\views\generic\base.py", line 68, in view
    return self.dispatch(request, *args, **kwargs)
  File "C:\Users\zonwer\Envs\venv_01\lib\site-packages\django\views\generic\base.py", line 88, in dispatch
    return handler(request, *args, **kwargs)
  File "D:\CODE\Djangos\Django_zonwer\meiduo_mall\meiduo_mall\apps\users\views.py", line 7, in get
    return render(request, 'register.html')
  File "C:\Users\zonwer\Envs\venv_01\lib\site-packages\django\shortcuts.py", line 30, in render
    content = loader.render_to_string(template_name, context, request, using=using)
  File "C:\Users\zonwer\Envs\venv_01\lib\site-packages\django\template\loader.py", line 67, in render_to_string
    template = get_template(template_name, using=using)
  File "C:\Users\zonwer\Envs\venv_01\lib\site-packages\django\template\loader.py", line 25, in get_template
    raise TemplateDoesNotExist(template_name, chain=chain)
django.template.exceptions.TemplateDoesNotExist: register.html
ERROR 2019-12-30 15:45:30,392 basehttp 124 "GET /register/ HTTP/1.1" 500 91521
ERROR 2019-12-30 15:45:30,803 exception 132 Internal Server Error: /register/
Traceback (most recent call last):
  File "C:\Users\zonwer\Envs\venv_01\lib\site-packages\django\core\handlers\exception.py", line 41, in inner
    response = get_response(request)
  File "C:\Users\zonwer\Envs\venv_01\lib\site-packages\django\core\handlers\base.py", line 187, in _get_response
    response = self.process_exception_by_middleware(e, request)
  File "C:\Users\zonwer\Envs\venv_01\lib\site-packages\django\core\handlers\base.py", line 185, in _get_response
    response = wrapped_callback(request, *callback_args, **callback_kwargs)
  File "C:\Users\zonwer\Envs\venv_01\lib\site-packages\django\views\generic\base.py", line 68, in view
    return self.dispatch(request, *args, **kwargs)
  File "C:\Users\zonwer\Envs\venv_01\lib\site-packages\django\views\generic\base.py", line 88, in dispatch
    return handler(request, *args, **kwargs)
  File "D:\CODE\Djangos\Django_zonwer\meiduo_mall\meiduo_mall\apps\users\views.py", line 7, in get
    return render(request, 'register.html')
  File "C:\Users\zonwer\Envs\venv_01\lib\site-packages\django\shortcuts.py", line 30, in render
    content = loader.render_to_string(template_name, context, request, using=using)
  File "C:\Users\zonwer\Envs\venv_01\lib\site-packages\django\template\loader.py", line 67, in render_to_string
    template = get_template(template_name, using=using)
  File "C:\Users\zonwer\Envs\venv_01\lib\site-packages\django\template\loader.py", line 25, in get_template
    raise TemplateDoesNotExist(template_name, chain=chain)
django.template.exceptions.TemplateDoesNotExist: register.html
ERROR 2019-12-30 15:45:30,837 basehttp 124 "GET /register/ HTTP/1.1" 500 91521
ERROR 2019-12-30 15:45:31,220 exception 132 Internal Server Error: /register/
Traceback (most recent call last):
  File "C:\Users\zonwer\Envs\venv_01\lib\site-packages\django\core\handlers\exception.py", line 41, in inner
    response = get_response(request)
  File "C:\Users\zonwer\Envs\venv_01\lib\site-packages\django\core\handlers\base.py", line 187, in _get_response
    response = self.process_exception_by_middleware(e, request)
  File "C:\Users\zonwer\Envs\venv_01\lib\site-packages\django\core\handlers\base.py", line 185, in _get_response
    response = wrapped_callback(request, *callback_args, **callback_kwargs)
  File "C:\Users\zonwer\Envs\venv_01\lib\site-packages\django\views\generic\base.py", line 68, in view
    return self.dispatch(request, *args, **kwargs)
  File "C:\Users\zonwer\Envs\venv_01\lib\site-packages\django\views\generic\base.py", line 88, in dispatch
    return handler(request, *args, **kwargs)
  File "D:\CODE\Djangos\Django_zonwer\meiduo_mall\meiduo_mall\apps\users\views.py", line 7, in get
    return render(request, 'register.html')
  File "C:\Users\zonwer\Envs\venv_01\lib\site-packages\django\shortcuts.py", line 30, in render
    content = loader.render_to_string(template_name, context, request, using=using)
  File "C:\Users\zonwer\Envs\venv_01\lib\site-packages\django\template\loader.py", line 67, in render_to_string
    template = get_template(template_name, using=using)
  File "C:\Users\zonwer\Envs\venv_01\lib\site-packages\django\template\loader.py", line 25, in get_template
    raise TemplateDoesNotExist(template_name, chain=chain)
django.template.exceptions.TemplateDoesNotExist: register.html
ERROR 2019-12-30 15:45:31,253 basehttp 124 "GET /register/ HTTP/1.1" 500 91521
ERROR 2019-12-30 15:45:32,443 exception 132 Internal Server Error: /register/
Traceback (most recent call last):
  File "C:\Users\zonwer\Envs\venv_01\lib\site-packages\django\core\handlers\exception.py", line 41, in inner
    response = get_response(request)
  File "C:\Users\zonwer\Envs\venv_01\lib\site-packages\django\core\handlers\base.py", line 187, in _get_response
    response = self.process_exception_by_middleware(e, request)
  File "C:\Users\zonwer\Envs\venv_01\lib\site-packages\django\core\handlers\base.py", line 185, in _get_response
    response = wrapped_callback(request, *callback_args, **callback_kwargs)
  File "C:\Users\zonwer\Envs\venv_01\lib\site-packages\django\views\generic\base.py", line 68, in view
    return self.dispatch(request, *args, **kwargs)
  File "C:\Users\zonwer\Envs\venv_01\lib\site-packages\django\views\generic\base.py", line 88, in dispatch
    return handler(request, *args, **kwargs)
  File "D:\CODE\Djangos\Django_zonwer\meiduo_mall\meiduo_mall\apps\users\views.py", line 7, in get
    return render(request, 'register.html')
  File "C:\Users\zonwer\Envs\venv_01\lib\site-packages\django\shortcuts.py", line 30, in render
    content = loader.render_to_string(template_name, context, request, using=using)
  File "C:\Users\zonwer\Envs\venv_01\lib\site-packages\django\template\loader.py", line 67, in render_to_string
    template = get_template(template_name, using=using)
  File "C:\Users\zonwer\Envs\venv_01\lib\site-packages\django\template\loader.py", line 25, in get_template
    raise TemplateDoesNotExist(template_name, chain=chain)
django.template.exceptions.TemplateDoesNotExist: register.html
ERROR 2019-12-30 15:45:32,476 basehttp 124 "GET /register/ HTTP/1.1" 500 91521
INFO 2019-12-30 15:46:39,508 basehttp 124 "GET /register/ HTTP/1.1" 200 3356
WARNING 2019-12-30 15:46:39,547 base 150 Not Found: /register/css/main.css
WARNING 2019-12-30 15:46:39,548 base 150 Not Found: /register/css/reset.css
WARNING 2019-12-30 15:46:39,551 base 150 Not Found: /register/js/host.js
WARNING 2019-12-30 15:46:39,557 base 150 Not Found: /register/js/vue-2.5.16.js
WARNING 2019-12-30 15:46:39,557 basehttp 124 "GET /register/css/reset.css HTTP/1.1" 404 2159
WARNING 2019-12-30 15:46:39,557 basehttp 124 "GET /register/css/main.css HTTP/1.1" 404 2156
WARNING 2019-12-30 15:46:39,561 base 150 Not Found: /register/js/axios-0.18.0.min.js
WARNING 2019-12-30 15:46:39,565 base 150 Not Found: /register/images/logo.png
WARNING 2019-12-30 15:46:39,565 basehttp 124 "GET /register/js/host.js HTTP/1.1" 404 2150
WARNING 2019-12-30 15:46:39,566 basehttp 124 "GET /register/js/vue-2.5.16.js HTTP/1.1" 404 2168
WARNING 2019-12-30 15:46:39,569 base 150 Not Found: /register/images/pic_code.jpg
WARNING 2019-12-30 15:46:39,571 basehttp 124 "GET /register/js/axios-0.18.0.min.js HTTP/1.1" 404 2186
WARNING 2019-12-30 15:46:39,572 basehttp 124 "GET /register/images/logo.png HTTP/1.1" 404 2165
WARNING 2019-12-30 15:46:39,574 basehttp 124 "GET /register/images/pic_code.jpg HTTP/1.1" 404 2177
WARNING 2019-12-30 15:46:39,578 base 150 Not Found: /register/js/common.js
WARNING 2019-12-30 15:46:39,582 base 150 Not Found: /register/js/register.js
WARNING 2019-12-30 15:46:39,582 basehttp 124 "GET /register/js/register.js HTTP/1.1" 404 2162
WARNING 2019-12-30 15:46:39,582 basehttp 124 "GET /register/js/common.js HTTP/1.1" 404 2156
WARNING 2019-12-30 15:46:47,958 base 150 Not Found: /register_vue
WARNING 2019-12-30 15:46:47,958 basehttp 124 "GET /register_vue HTTP/1.1" 404 2129
INFO 2019-12-30 15:46:53,417 basehttp 124 "GET /register/ HTTP/1.1" 200 3356
WARNING 2019-12-30 15:46:53,448 base 150 Not Found: /register/css/reset.css
WARNING 2019-12-30 15:46:53,452 base 150 Not Found: /register/css/main.css
WARNING 2019-12-30 15:46:53,453 basehttp 124 "GET /register/css/reset.css HTTP/1.1" 404 2159
WARNING 2019-12-30 15:46:53,456 base 150 Not Found: /register/js/host.js
WARNING 2019-12-30 15:46:53,459 base 150 Not Found: /register/js/vue-2.5.16.js
WARNING 2019-12-30 15:46:53,460 basehttp 124 "GET /register/css/main.css HTTP/1.1" 404 2156
WARNING 2019-12-30 15:46:53,463 base 150 Not Found: /register/js/axios-0.18.0.min.js
WARNING 2019-12-30 15:46:53,464 basehttp 124 "GET /register/js/host.js HTTP/1.1" 404 2150
WARNING 2019-12-30 15:46:53,468 base 150 Not Found: /register/images/logo.png
WARNING 2019-12-30 15:46:53,468 basehttp 124 "GET /register/js/vue-2.5.16.js HTTP/1.1" 404 2168
WARNING 2019-12-30 15:46:53,472 base 150 Not Found: /register/images/pic_code.jpg
WARNING 2019-12-30 15:46:53,473 basehttp 124 "GET /register/js/axios-0.18.0.min.js HTTP/1.1" 404 2186
WARNING 2019-12-30 15:46:53,474 basehttp 124 "GET /register/images/logo.png HTTP/1.1" 404 2165
WARNING 2019-12-30 15:46:53,474 basehttp 124 "GET /register/images/pic_code.jpg HTTP/1.1" 404 2177
WARNING 2019-12-30 15:46:53,481 base 150 Not Found: /register/js/common.js
WARNING 2019-12-30 15:46:53,485 base 150 Not Found: /register/js/register.js
WARNING 2019-12-30 15:46:53,485 basehttp 124 "GET /register/js/common.js HTTP/1.1" 404 2156
WARNING 2019-12-30 15:46:53,485 basehttp 124 "GET /register/js/register.js HTTP/1.1" 404 2162
INFO 2019-12-30 15:47:43,680 basehttp 124 "GET /register/ HTTP/1.1" 200 3062
WARNING 2019-12-30 15:47:43,710 base 150 Not Found: /register/css/reset.css
WARNING 2019-12-30 15:47:43,714 base 150 Not Found: /register/css/main.css
WARNING 2019-12-30 15:47:43,715 basehttp 124 "GET /register/css/reset.css HTTP/1.1" 404 2159
WARNING 2019-12-30 15:47:43,718 base 150 Not Found: /register/images/logo.png
WARNING 2019-12-30 15:47:43,719 basehttp 124 "GET /register/css/main.css HTTP/1.1" 404 2156
WARNING 2019-12-30 15:47:43,721 basehttp 124 "GET /register/images/logo.png HTTP/1.1" 404 2165
WARNING 2019-12-30 15:47:43,724 base 150 Not Found: /register/js/register.js
WARNING 2019-12-30 15:47:43,731 base 150 Not Found: /register/images/pic_code.jpg
WARNING 2019-12-30 15:47:43,732 basehttp 124 "GET /register/js/register.js HTTP/1.1" 404 2162
WARNING 2019-12-30 15:47:43,733 basehttp 124 "GET /register/images/pic_code.jpg HTTP/1.1" 404 2177
INFO 2019-12-30 15:47:45,634 basehttp 124 "GET /register/ HTTP/1.1" 200 3062
WARNING 2019-12-30 15:47:45,662 base 150 Not Found: /register/css/reset.css
WARNING 2019-12-30 15:47:45,663 basehttp 124 "GET /register/css/reset.css HTTP/1.1" 404 2159
WARNING 2019-12-30 15:47:45,668 base 150 Not Found: /register/css/main.css
WARNING 2019-12-30 15:47:45,670 base 150 Not Found: /register/images/logo.png
WARNING 2019-12-30 15:47:45,673 base 150 Not Found: /register/js/register.js
WARNING 2019-12-30 15:47:45,677 base 150 Not Found: /register/images/pic_code.jpg
WARNING 2019-12-30 15:47:45,677 basehttp 124 "GET /register/css/main.css HTTP/1.1" 404 2156
WARNING 2019-12-30 15:47:45,678 basehttp 124 "GET /register/images/logo.png HTTP/1.1" 404 2165
WARNING 2019-12-30 15:47:45,679 basehttp 124 "GET /register/js/register.js HTTP/1.1" 404 2162
WARNING 2019-12-30 15:47:45,679 basehttp 124 "GET /register/images/pic_code.jpg HTTP/1.1" 404 2177
INFO 2019-12-30 15:47:46,149 basehttp 124 "GET /register/ HTTP/1.1" 200 3062
WARNING 2019-12-30 15:47:46,175 base 150 Not Found: /register/css/reset.css
WARNING 2019-12-30 15:47:46,177 basehttp 124 "GET /register/css/reset.css HTTP/1.1" 404 2159
WARNING 2019-12-30 15:47:46,180 base 150 Not Found: /register/css/main.css
WARNING 2019-12-30 15:47:46,183 base 150 Not Found: /register/js/register.js
WARNING 2019-12-30 15:47:46,187 base 150 Not Found: /register/images/logo.png
WARNING 2019-12-30 15:47:46,187 basehttp 124 "GET /register/css/main.css HTTP/1.1" 404 2156
WARNING 2019-12-30 15:47:46,188 basehttp 124 "GET /register/js/register.js HTTP/1.1" 404 2162
WARNING 2019-12-30 15:47:46,190 base 150 Not Found: /register/images/pic_code.jpg
WARNING 2019-12-30 15:47:46,191 basehttp 124 "GET /register/images/logo.png HTTP/1.1" 404 2165
WARNING 2019-12-30 15:47:46,193 basehttp 124 "GET /register/images/pic_code.jpg HTTP/1.1" 404 2177
INFO 2019-12-30 15:47:46,382 basehttp 124 "GET /register/ HTTP/1.1" 200 3062
WARNING 2019-12-30 15:47:46,411 base 150 Not Found: /register/css/reset.css
WARNING 2019-12-30 15:47:46,412 basehttp 124 "GET /register/css/reset.css HTTP/1.1" 404 2159
WARNING 2019-12-30 15:47:46,416 base 150 Not Found: /register/css/main.css
WARNING 2019-12-30 15:47:46,420 base 150 Not Found: /register/js/register.js
WARNING 2019-12-30 15:47:46,424 base 150 Not Found: /register/images/logo.png
WARNING 2019-12-30 15:47:46,424 basehttp 124 "GET /register/css/main.css HTTP/1.1" 404 2156
WARNING 2019-12-30 15:47:46,425 basehttp 124 "GET /register/js/register.js HTTP/1.1" 404 2162
WARNING 2019-12-30 15:47:46,429 base 150 Not Found: /register/images/pic_code.jpg
WARNING 2019-12-30 15:47:46,431 basehttp 124 "GET /register/images/logo.png HTTP/1.1" 404 2165
WARNING 2019-12-30 15:47:46,432 basehttp 124 "GET /register/images/pic_code.jpg HTTP/1.1" 404 2177
INFO 2019-12-30 15:47:46,621 basehttp 124 "GET /register/ HTTP/1.1" 200 3062
WARNING 2019-12-30 15:47:46,649 base 150 Not Found: /register/css/reset.css
WARNING 2019-12-30 15:47:46,653 base 150 Not Found: /register/css/main.css
WARNING 2019-12-30 15:47:46,656 base 150 Not Found: /register/images/logo.png
WARNING 2019-12-30 15:47:46,657 basehttp 124 "GET /register/css/reset.css HTTP/1.1" 404 2159
WARNING 2019-12-30 15:47:46,662 base 150 Not Found: /register/images/pic_code.jpg
WARNING 2019-12-30 15:47:46,663 basehttp 124 "GET /register/images/logo.png HTTP/1.1" 404 2165
WARNING 2019-12-30 15:47:46,663 basehttp 124 "GET /register/css/main.css HTTP/1.1" 404 2156
WARNING 2019-12-30 15:47:46,666 base 150 Not Found: /register/js/register.js
WARNING 2019-12-30 15:47:46,668 basehttp 124 "GET /register/images/pic_code.jpg HTTP/1.1" 404 2177
WARNING 2019-12-30 15:47:46,668 basehttp 124 "GET /register/js/register.js HTTP/1.1" 404 2162
INFO 2019-12-30 15:47:48,226 basehttp 124 "GET /register/ HTTP/1.1" 200 3062
WARNING 2019-12-30 15:47:48,255 base 150 Not Found: /register/css/reset.css
WARNING 2019-12-30 15:47:48,256 basehttp 124 "GET /register/css/reset.css HTTP/1.1" 404 2159
WARNING 2019-12-30 15:47:48,259 base 150 Not Found: /register/css/main.css
WARNING 2019-12-30 15:47:48,263 base 150 Not Found: /register/images/logo.png
WARNING 2019-12-30 15:47:48,266 base 150 Not Found: /register/images/pic_code.jpg
WARNING 2019-12-30 15:47:48,267 basehttp 124 "GET /register/css/main.css HTTP/1.1" 404 2156
WARNING 2019-12-30 15:47:48,270 base 150 Not Found: /register/js/register.js
WARNING 2019-12-30 15:47:48,271 basehttp 124 "GET /register/images/pic_code.jpg HTTP/1.1" 404 2177
WARNING 2019-12-30 15:47:48,272 basehttp 124 "GET /register/images/logo.png HTTP/1.1" 404 2165
WARNING 2019-12-30 15:47:48,273 basehttp 124 "GET /register/js/register.js HTTP/1.1" 404 2162
INFO 2019-12-30 15:47:48,450 basehttp 124 "GET /register/ HTTP/1.1" 200 3062
WARNING 2019-12-30 15:47:48,479 base 150 Not Found: /register/css/reset.css
WARNING 2019-12-30 15:47:48,484 base 150 Not Found: /register/css/main.css
WARNING 2019-12-30 15:47:48,484 basehttp 124 "GET /register/css/reset.css HTTP/1.1" 404 2159
WARNING 2019-12-30 15:47:48,488 base 150 Not Found: /register/images/logo.png
WARNING 2019-12-30 15:47:48,488 basehttp 124 "GET /register/css/main.css HTTP/1.1" 404 2156
WARNING 2019-12-30 15:47:48,491 base 150 Not Found: /register/images/pic_code.jpg
WARNING 2019-12-30 15:47:48,493 basehttp 124 "GET /register/images/logo.png HTTP/1.1" 404 2165
WARNING 2019-12-30 15:47:48,496 base 150 Not Found: /register/js/register.js
WARNING 2019-12-30 15:47:48,497 basehttp 124 "GET /register/images/pic_code.jpg HTTP/1.1" 404 2177
WARNING 2019-12-30 15:47:48,498 basehttp 124 "GET /register/js/register.js HTTP/1.1" 404 2162
INFO 2019-12-30 15:47:48,811 basehttp 124 "GET /register/ HTTP/1.1" 200 3062
WARNING 2019-12-30 15:47:48,836 base 150 Not Found: /register/css/reset.css
WARNING 2019-12-30 15:47:48,837 basehttp 124 "GET /register/css/reset.css HTTP/1.1" 404 2159
WARNING 2019-12-30 15:47:48,841 base 150 Not Found: /register/css/main.css
WARNING 2019-12-30 15:47:48,846 base 150 Not Found: /register/images/logo.png
WARNING 2019-12-30 15:47:48,846 basehttp 124 "GET /register/css/main.css HTTP/1.1" 404 2156
WARNING 2019-12-30 15:47:48,850 base 150 Not Found: /register/images/pic_code.jpg
WARNING 2019-12-30 15:47:48,854 base 150 Not Found: /register/js/register.js
WARNING 2019-12-30 15:47:48,855 basehttp 124 "GET /register/images/logo.png HTTP/1.1" 404 2165
WARNING 2019-12-30 15:47:48,855 basehttp 124 "GET /register/images/pic_code.jpg HTTP/1.1" 404 2177
WARNING 2019-12-30 15:47:48,855 basehttp 124 "GET /register/js/register.js HTTP/1.1" 404 2162
INFO 2019-12-30 15:47:49,133 basehttp 124 "GET /register/ HTTP/1.1" 200 3062
WARNING 2019-12-30 15:47:49,163 base 150 Not Found: /register/css/reset.css
WARNING 2019-12-30 15:47:49,166 base 150 Not Found: /register/css/main.css
WARNING 2019-12-30 15:47:49,169 base 150 Not Found: /register/images/logo.png
WARNING 2019-12-30 15:47:49,172 base 150 Not Found: /register/images/pic_code.jpg
WARNING 2019-12-30 15:47:49,173 basehttp 124 "GET /register/css/reset.css HTTP/1.1" 404 2159
WARNING 2019-12-30 15:47:49,174 basehttp 124 "GET /register/css/main.css HTTP/1.1" 404 2156
WARNING 2019-12-30 15:47:49,178 base 150 Not Found: /register/js/register.js
WARNING 2019-12-30 15:47:49,179 basehttp 124 "GET /register/images/logo.png HTTP/1.1" 404 2165
WARNING 2019-12-30 15:47:49,180 basehttp 124 "GET /register/images/pic_code.jpg HTTP/1.1" 404 2177
WARNING 2019-12-30 15:47:49,182 basehttp 124 "GET /register/js/register.js HTTP/1.1" 404 2162
INFO 2019-12-30 15:50:38,877 basehttp 124 "GET /register/ HTTP/1.1" 200 3062
INFO 2019-12-30 15:50:38,905 basehttp 124 "GET /register/css/reset.css HTTP/1.1" 200 3062
INFO 2019-12-30 15:50:38,910 basehttp 124 "GET /register/images/logo.png HTTP/1.1" 200 3062
INFO 2019-12-30 15:50:38,913 basehttp 124 "GET /register/css/main.css HTTP/1.1" 200 3062
INFO 2019-12-30 15:50:38,915 basehttp 124 "GET /register/images/pic_code.jpg HTTP/1.1" 200 3062
INFO 2019-12-30 15:50:38,919 basehttp 124 "GET /register/js/register.js HTTP/1.1" 200 3062
INFO 2019-12-30 15:51:25,620 basehttp 124 "GET /register/ HTTP/1.1" 200 3062
INFO 2019-12-30 15:51:25,649 basehttp 124 "GET /register/css/reset.css HTTP/1.1" 200 3062
INFO 2019-12-30 15:51:25,650 basehttp 124 "GET /register/images/logo.png HTTP/1.1" 200 3062
INFO 2019-12-30 15:51:25,651 basehttp 124 "GET /register/css/main.css HTTP/1.1" 200 3062
INFO 2019-12-30 15:51:25,657 basehttp 124 "GET /register/images/pic_code.jpg HTTP/1.1" 200 3062
INFO 2019-12-30 15:51:25,658 basehttp 124 "GET /register/js/register.js HTTP/1.1" 200 3062
INFO 2019-12-30 15:51:28,947 basehttp 124 "GET /register/ HTTP/1.1" 200 3356
INFO 2019-12-30 15:51:28,977 basehttp 124 "GET /register/css/reset.css HTTP/1.1" 200 3356
INFO 2019-12-30 15:51:28,982 basehttp 124 "GET /register/css/main.css HTTP/1.1" 200 3356
INFO 2019-12-30 15:51:28,984 basehttp 124 "GET /register/js/host.js HTTP/1.1" 200 3356
INFO 2019-12-30 15:51:28,987 basehttp 124 "GET /register/js/vue-2.5.16.js HTTP/1.1" 200 3356
INFO 2019-12-30 15:51:28,989 basehttp 124 "GET /register/js/axios-0.18.0.min.js HTTP/1.1" 200 3356
INFO 2019-12-30 15:51:28,991 basehttp 124 "GET /register/images/logo.png HTTP/1.1" 200 3356
INFO 2019-12-30 15:51:28,993 basehttp 124 "GET /register/images/pic_code.jpg HTTP/1.1" 200 3356
INFO 2019-12-30 15:51:28,998 basehttp 124 "GET /register/js/common.js HTTP/1.1" 200 3356
INFO 2019-12-30 15:51:29,001 basehttp 124 "GET /register/js/register.js HTTP/1.1" 200 3356
INFO 2019-12-30 15:51:29,849 basehttp 124 "GET /register/ HTTP/1.1" 200 3356
INFO 2019-12-30 15:51:29,870 basehttp 124 "GET /register/css/reset.css HTTP/1.1" 200 3356
INFO 2019-12-30 15:51:29,875 basehttp 124 "GET /register/css/main.css HTTP/1.1" 200 3356
INFO 2019-12-30 15:51:29,878 basehttp 124 "GET /register/js/host.js HTTP/1.1" 200 3356
INFO 2019-12-30 15:51:29,882 basehttp 124 "GET /register/js/vue-2.5.16.js HTTP/1.1" 200 3356
INFO 2019-12-30 15:51:29,882 basehttp 124 "GET /register/js/axios-0.18.0.min.js HTTP/1.1" 200 3356
INFO 2019-12-30 15:51:29,886 basehttp 124 "GET /register/images/logo.png HTTP/1.1" 200 3356
INFO 2019-12-30 15:51:29,887 basehttp 124 "GET /register/images/pic_code.jpg HTTP/1.1" 200 3356
INFO 2019-12-30 15:51:29,897 basehttp 124 "GET /register/js/common.js HTTP/1.1" 200 3356
INFO 2019-12-30 15:51:29,898 basehttp 124 "GET /register/js/register.js HTTP/1.1" 200 3356
INFO 2019-12-30 15:51:30,469 basehttp 124 "GET /register/ HTTP/1.1" 200 3356
INFO 2019-12-30 15:51:30,493 basehttp 124 "GET /register/js/host.js HTTP/1.1" 200 3356
INFO 2019-12-30 15:51:30,494 basehttp 124 "GET /register/css/reset.css HTTP/1.1" 200 3356
INFO 2019-12-30 15:51:30,494 basehttp 124 "GET /register/css/main.css HTTP/1.1" 200 3356
INFO 2019-12-30 15:51:30,500 basehttp 124 "GET /register/js/vue-2.5.16.js HTTP/1.1" 200 3356
INFO 2019-12-30 15:51:30,502 basehttp 124 "GET /register/js/axios-0.18.0.min.js HTTP/1.1" 200 3356
INFO 2019-12-30 15:51:30,505 basehttp 124 "GET /register/images/logo.png HTTP/1.1" 200 3356
INFO 2019-12-30 15:51:30,506 basehttp 124 "GET /register/images/pic_code.jpg HTTP/1.1" 200 3356
INFO 2019-12-30 15:51:30,517 basehttp 124 "GET /register/js/common.js HTTP/1.1" 200 3356
INFO 2019-12-30 15:51:30,518 basehttp 124 "GET /register/js/register.js HTTP/1.1" 200 3356
INFO 2019-12-30 15:51:31,020 basehttp 124 "GET /register/ HTTP/1.1" 200 3356
INFO 2019-12-30 15:51:31,042 basehttp 124 "GET /register/css/reset.css HTTP/1.1" 200 3356
INFO 2019-12-30 15:51:31,049 basehttp 124 "GET /register/css/main.css HTTP/1.1" 200 3356
INFO 2019-12-30 15:51:31,049 basehttp 124 "GET /register/js/host.js HTTP/1.1" 200 3356
INFO 2019-12-30 15:51:31,055 basehttp 124 "GET /register/js/vue-2.5.16.js HTTP/1.1" 200 3356
INFO 2019-12-30 15:51:31,056 basehttp 124 "GET /register/js/axios-0.18.0.min.js HTTP/1.1" 200 3356
INFO 2019-12-30 15:51:31,058 basehttp 124 "GET /register/images/logo.png HTTP/1.1" 200 3356
INFO 2019-12-30 15:51:31,059 basehttp 124 "GET /register/images/pic_code.jpg HTTP/1.1" 200 3356
INFO 2019-12-30 15:51:31,071 basehttp 124 "GET /register/js/common.js HTTP/1.1" 200 3356
INFO 2019-12-30 15:51:31,071 basehttp 124 "GET /register/js/register.js HTTP/1.1" 200 3356
INFO 2019-12-30 15:51:44,811 basehttp 124 "GET /register/ HTTP/1.1" 200 3062
INFO 2019-12-30 15:51:44,833 basehttp 124 "GET /register/css/reset.css HTTP/1.1" 200 3062
INFO 2019-12-30 15:51:44,841 basehttp 124 "GET /register/css/main.css HTTP/1.1" 200 3062
INFO 2019-12-30 15:51:44,841 basehttp 124 "GET /register/images/logo.png HTTP/1.1" 200 3062
INFO 2019-12-30 15:51:44,843 basehttp 124 "GET /register/images/pic_code.jpg HTTP/1.1" 200 3062
INFO 2019-12-30 15:51:44,851 basehttp 124 "GET /register/js/register.js HTTP/1.1" 200 3062
INFO 2019-12-30 15:52:56,915 basehttp 124 "GET /register/ HTTP/1.1" 200 3062
INFO 2019-12-30 15:52:56,940 basehttp 124 "GET /register/css/reset.css HTTP/1.1" 200 3062
INFO 2019-12-30 15:52:56,946 basehttp 124 "GET /register/css/main.css HTTP/1.1" 200 3062
INFO 2019-12-30 15:52:56,947 basehttp 124 "GET /register/images/logo.png HTTP/1.1" 200 3062
INFO 2019-12-30 15:52:56,950 basehttp 124 "GET /register/images/pic_code.jpg HTTP/1.1" 200 3062
INFO 2019-12-30 15:52:56,998 basehttp 124 "GET /register/js/register.js HTTP/1.1" 200 3062
WARNING 2019-12-30 16:36:20,526 base 150 Not Found: /
WARNING 2019-12-30 16:36:20,527 basehttp 124 "GET / HTTP/1.1" 404 2073
INFO 2019-12-30 16:36:28,706 basehttp 124 "GET /register/ HTTP/1.1" 200 3062
INFO 2019-12-30 16:36:28,726 basehttp 124 "GET /register/css/reset.css HTTP/1.1" 200 3062
INFO 2019-12-30 16:36:28,726 basehttp 124 "GET /register/css/main.css HTTP/1.1" 200 3062
INFO 2019-12-30 16:36:28,728 basehttp 124 "GET /register/images/logo.png HTTP/1.1" 200 3062
INFO 2019-12-30 16:36:28,731 basehttp 124 "GET /register/images/pic_code.jpg HTTP/1.1" 200 3062
INFO 2019-12-30 16:36:28,732 basehttp 124 "GET /register/js/register.js HTTP/1.1" 200 3062
INFO 2019-12-30 16:44:46,691 basehttp 124 "GET /register/ HTTP/1.1" 200 3062
INFO 2019-12-30 16:44:46,716 basehttp 124 "GET /register/css/reset.css HTTP/1.1" 200 3062
INFO 2019-12-30 16:44:46,718 basehttp 124 "GET /register/css/main.css HTTP/1.1" 200 3062
INFO 2019-12-30 16:44:46,721 basehttp 124 "GET /register/images/logo.png HTTP/1.1" 200 3062
INFO 2019-12-30 16:44:46,722 basehttp 124 "GET /register/images/pic_code.jpg HTTP/1.1" 200 3062
INFO 2019-12-30 16:44:46,723 basehttp 124 "GET /register/js/register.js HTTP/1.1" 200 3062
INFO 2019-12-30 16:48:05,971 basehttp 124 "GET /register/ HTTP/1.1" 200 3062
INFO 2019-12-30 16:48:05,996 basehttp 124 "GET /register/css/reset.css HTTP/1.1" 200 3062
INFO 2019-12-30 16:48:05,999 basehttp 124 "GET /register/css/main.css HTTP/1.1" 200 3062
INFO 2019-12-30 16:48:06,005 basehttp 124 "GET /register/images/logo.png HTTP/1.1" 200 3062
INFO 2019-12-30 16:48:06,009 basehttp 124 "GET /register/images/pic_code.jpg HTTP/1.1" 200 3062
INFO 2019-12-30 16:48:06,009 basehttp 124 "GET /register/js/register.js HTTP/1.1" 200 3062
INFO 2019-12-30 16:48:08,176 basehttp 124 "GET /register/ HTTP/1.1" 200 3062
INFO 2019-12-30 16:48:08,213 basehttp 124 "GET /register/css/reset.css HTTP/1.1" 200 3062
INFO 2019-12-30 16:48:08,221 basehttp 124 "GET /register/css/main.css HTTP/1.1" 200 3062
INFO 2019-12-30 16:48:08,225 basehttp 124 "GET /register/images/logo.png HTTP/1.1" 200 3062
INFO 2019-12-30 16:48:08,228 basehttp 124 "GET /register/images/pic_code.jpg HTTP/1.1" 200 3062
INFO 2019-12-30 16:48:08,229 basehttp 124 "GET /register/js/register.js HTTP/1.1" 200 3062
INFO 2019-12-30 16:48:17,636 basehttp 124 "GET /register/css/reset.css HTTP/1.1" 200 3062
INFO 2019-12-30 16:48:17,638 basehttp 124 "GET /register/css/main.css HTTP/1.1" 200 3062
INFO 2019-12-30 16:48:28,922 basehttp 124 "GET /register/ HTTP/1.1" 200 3062
INFO 2019-12-30 16:48:28,957 basehttp 124 "GET /register/css/reset.css HTTP/1.1" 200 3062
INFO 2019-12-30 16:48:28,967 basehttp 124 "GET /register/css/main.css HTTP/1.1" 200 3062
INFO 2019-12-30 16:48:28,970 basehttp 124 "GET /register/images/logo.png HTTP/1.1" 200 3062
INFO 2019-12-30 16:48:28,972 basehttp 124 "GET /register/images/pic_code.jpg HTTP/1.1" 200 3062
INFO 2019-12-30 16:48:28,984 basehttp 124 "GET /register/js/register.js HTTP/1.1" 200 3062
WARNING 2019-12-30 17:04:23,999 base 150 Not Found: /
WARNING 2019-12-30 17:04:24,000 basehttp 124 "GET / HTTP/1.1" 404 2073
INFO 2019-12-30 17:04:40,054 basehttp 124 "GET /register/ HTTP/1.1" 200 3062
INFO 2019-12-30 17:04:40,088 basehttp 124 "GET /register/css/reset.css HTTP/1.1" 200 3062
INFO 2019-12-30 17:04:40,095 basehttp 124 "GET /register/css/main.css HTTP/1.1" 200 3062
INFO 2019-12-30 17:04:40,102 basehttp 124 "GET /register/images/logo.png HTTP/1.1" 200 3062
INFO 2019-12-30 17:04:40,102 basehttp 124 "GET /register/images/pic_code.jpg HTTP/1.1" 200 3062
INFO 2019-12-30 17:04:40,103 basehttp 124 "GET /register/js/register.js HTTP/1.1" 200 3062
WARNING 2019-12-30 20:19:00,273 base 150 Not Found: /
WARNING 2019-12-30 20:19:00,274 basehttp 124 "GET / HTTP/1.1" 404 2075
INFO 2019-12-30 20:19:09,575 basehttp 124 "GET /register/ HTTP/1.1" 200 3062
WARNING 2019-12-30 20:19:09,600 base 150 Not Found: /register/css/reset.css
WARNING 2019-12-30 20:19:09,603 base 150 Not Found: /register/css/main.css
WARNING 2019-12-30 20:19:09,606 base 150 Not Found: /register/images/logo.png
WARNING 2019-12-30 20:19:09,610 base 150 Not Found: /register/images/pic_code.jpg
WARNING 2019-12-30 20:19:09,610 basehttp 124 "GET /register/css/reset.css HTTP/1.1" 404 2159
WARNING 2019-12-30 20:19:09,610 basehttp 124 "GET /register/css/main.css HTTP/1.1" 404 2156
WARNING 2019-12-30 20:19:09,614 base 150 Not Found: /register/js/register.js
WARNING 2019-12-30 20:19:09,615 basehttp 124 "GET /register/images/pic_code.jpg HTTP/1.1" 404 2177
WARNING 2019-12-30 20:19:09,615 basehttp 124 "GET /register/images/logo.png HTTP/1.1" 404 2165
WARNING 2019-12-30 20:19:09,617 basehttp 124 "GET /register/js/register.js HTTP/1.1" 404 2162
WARNING 2019-12-31 12:07:30,061 base 150 Not Found: /
WARNING 2019-12-31 12:07:30,062 basehttp 124 "GET / HTTP/1.1" 404 2075
WARNING 2019-12-31 12:07:30,069 base 150 Not Found: /
WARNING 2019-12-31 12:07:30,070 basehttp 124 "GET / HTTP/1.1" 404 2075
WARNING 2019-12-31 12:07:30,074 base 150 Not Found: /
WARNING 2019-12-31 12:07:30,075 basehttp 124 "GET / HTTP/1.1" 404 2075
WARNING 2019-12-31 12:07:30,257 base 150 Not Found: /favicon.ico
WARNING 2019-12-31 12:07:30,258 basehttp 124 "GET /favicon.ico HTTP/1.1" 404 2126
INFO 2019-12-31 12:07:47,423 basehttp 124 "GET /register/ HTTP/1.1" 200 3062
WARNING 2019-12-31 12:07:47,450 base 150 Not Found: /register/css/reset.css
WARNING 2019-12-31 12:07:47,454 base 150 Not Found: /register/css/main.css
WARNING 2019-12-31 12:07:47,454 basehttp 124 "GET /register/css/reset.css HTTP/1.1" 404 2159
WARNING 2019-12-31 12:07:47,457 base 150 Not Found: /register/images/logo.png
WARNING 2019-12-31 12:07:47,462 base 150 Not Found: /register/images/pic_code.jpg
WARNING 2019-12-31 12:07:47,463 basehttp 124 "GET /register/css/main.css HTTP/1.1" 404 2156
WARNING 2019-12-31 12:07:47,463 basehttp 124 "GET /register/images/pic_code.jpg HTTP/1.1" 404 2177
WARNING 2019-12-31 12:07:47,464 basehttp 124 "GET /register/images/logo.png HTTP/1.1" 404 2165
WARNING 2019-12-31 12:07:47,486 base 150 Not Found: /register/js/register.js
WARNING 2019-12-31 12:07:47,486 basehttp 124 "GET /register/js/register.js HTTP/1.1" 404 2162
